<?xml version="1.0" encoding="UTF-8"?>
<testsuite name="Reporte petroleo" tests="1" skipped="0" failures="1" errors="0" timestamp="2022-05-22T16:49:13" hostname="SSMED5CG1100JY9" time="34.496">
  <properties/>
  <testcase name="Descargar reporte de petroleo" classname="Reporte petroleo" time="34.496">
    <failure message="net.thucydides.core.webdriver.exceptions.ElementShouldBeEnabledException: Expected enabled element was not enabled" type="net.thucydides.core.webdriver.exceptions.ElementShouldBeEnabledException">net.thucydides.core.webdriver.exceptions.ElementShouldBeEnabledException: Expected enabled element was not enabled
	at net.serenitybdd.core.pages.WebElementFacadeImpl.waitUntilEnabled(WebElementFacadeImpl.java:1145)
	at net.serenitybdd.core.pages.WebElementFacadeImpl.waitUntilElementAvailable(WebElementFacadeImpl.java:950)
	at net.serenitybdd.core.pages.WebElementFacadeImpl.click(WebElementFacadeImpl.java:1225)
	at net.serenitybdd.screenplay.actions.ClickOnTarget.performAs(ClickOnTarget.java:13)
	at net.serenitybdd.screenplay.actions.ClickOnTarget$$EnhancerByCGLIB$$e3f2ec6d.CGLIB$performAs$0(&lt;generated&gt;)
	at net.serenitybdd.screenplay.actions.ClickOnTarget$$EnhancerByCGLIB$$e3f2ec6d$$FastClassByCGLIB$$eb009f51.invoke(&lt;generated&gt;)
	at net.sf.cglib.proxy.MethodProxy.invokeSuper(MethodProxy.java:228)
	at net.thucydides.core.steps.StepInterceptor.invokeMethod(StepInterceptor.java:478)
	at net.thucydides.core.steps.StepInterceptor.executeTestStepMethod(StepInterceptor.java:463)
	at net.thucydides.core.steps.StepInterceptor.runTestStep(StepInterceptor.java:438)
	at net.thucydides.core.steps.StepInterceptor.runOrSkipMethod(StepInterceptor.java:179)
	at net.thucydides.core.steps.StepInterceptor.testStepResult(StepInterceptor.java:166)
	at net.thucydides.core.steps.StepInterceptor.intercept(StepInterceptor.java:72)
	at net.serenitybdd.screenplay.actions.ClickOnTarget$$EnhancerByCGLIB$$e3f2ec6d.performAs(&lt;generated&gt;)
	at net.serenitybdd.screenplay.Actor.performTask(Actor.java:232)
	at net.serenitybdd.screenplay.Actor.perform(Actor.java:213)
	at net.serenitybdd.screenplay.Actor.attemptsTo(Actor.java:170)
	at co.konecta.linde.certificate.stepsdefinitions.ReportePetroleoStepsDefinitions.seleccionaOpcionActualidad(ReportePetroleoStepsDefinitions.java:55)
	at âœ½.Se selecciona la opcion actualidad economica(src/test/resources/features/reportepetroleo.feature:8)
Caused by: org.openqa.selenium.TimeoutException: Expected condition failed: waiting for By.xpath: //*[@id=&quot;bs-example-navbar-collapse-1&quot;]/ul/li[2]/a to be enabled (tried for 5 second(s) with 100 milliseconds interval)
	at org.openqa.selenium.support.ui.FluentWait.timeoutException(FluentWait.java:304)
	at org.openqa.selenium.support.ui.FluentWait.until(FluentWait.java:272)
	at net.serenitybdd.core.pages.WebElementFacadeImpl.waitUntilEnabled(WebElementFacadeImpl.java:1142)
	at net.serenitybdd.core.pages.WebElementFacadeImpl.waitUntilElementAvailable(WebElementFacadeImpl.java:950)
	at net.serenitybdd.core.pages.WebElementFacadeImpl.click(WebElementFacadeImpl.java:1225)
	at net.serenitybdd.screenplay.actions.ClickOnTarget.performAs(ClickOnTarget.java:13)
	at net.serenitybdd.screenplay.actions.ClickOnTarget$$EnhancerByCGLIB$$e3f2ec6d.CGLIB$performAs$0(&lt;generated&gt;)
	at net.serenitybdd.screenplay.actions.ClickOnTarget$$EnhancerByCGLIB$$e3f2ec6d$$FastClassByCGLIB$$eb009f51.invoke(&lt;generated&gt;)
	at net.sf.cglib.proxy.MethodProxy.invokeSuper(MethodProxy.java:228)
	at net.thucydides.core.steps.StepInterceptor.invokeMethod(StepInterceptor.java:478)
	at net.thucydides.core.steps.StepInterceptor.executeTestStepMethod(StepInterceptor.java:463)
	at net.thucydides.core.steps.StepInterceptor.runTestStep(StepInterceptor.java:438)
	at net.thucydides.core.steps.StepInterceptor.runOrSkipMethod(StepInterceptor.java:179)
	at net.thucydides.core.steps.StepInterceptor.testStepResult(StepInterceptor.java:166)
	at net.thucydides.core.steps.StepInterceptor.intercept(StepInterceptor.java:72)
	at net.serenitybdd.screenplay.actions.ClickOnTarget$$EnhancerByCGLIB$$e3f2ec6d.performAs(&lt;generated&gt;)
	at net.serenitybdd.screenplay.Actor.performTask(Actor.java:232)
	at net.serenitybdd.screenplay.Actor.perform(Actor.java:213)
	at net.serenitybdd.screenplay.Actor.attemptsTo(Actor.java:170)
	at co.konecta.linde.certificate.stepsdefinitions.ReportePetroleoStepsDefinitions.seleccionaOpcionActualidad(ReportePetroleoStepsDefinitions.java:55)
	at sun.reflect.NativeMethodAccessorImpl.invoke0(Native Method)
	at sun.reflect.NativeMethodAccessorImpl.invoke(NativeMethodAccessorImpl.java:62)
	at sun.reflect.DelegatingMethodAccessorImpl.invoke(DelegatingMethodAccessorImpl.java:43)
	at java.lang.reflect.Method.invoke(Method.java:498)
	at cucumber.runtime.Utils$1.call(Utils.java:31)
	at cucumber.runtime.Timeout.timeout(Timeout.java:16)
	at cucumber.runtime.Utils.invoke(Utils.java:25)
	at cucumber.runtime.java.JavaStepDefinition.execute(JavaStepDefinition.java:37)
	at cucumber.runtime.StepDefinitionMatch.runStep(StepDefinitionMatch.java:40)
	at cucumber.api.TestStep.executeStep(TestStep.java:102)
	at cucumber.api.TestStep.run(TestStep.java:83)
	at cucumber.api.TestCase.run(TestCase.java:58)
	at cucumber.runner.Runner.runPickle(Runner.java:80)
	at cucumber.runtime.junit.PickleRunners$NoStepDescriptions.run(PickleRunners.java:140)
	at cucumber.runtime.junit.FeatureRunner.runChild(FeatureRunner.java:68)
	at cucumber.runtime.junit.FeatureRunner.runChild(FeatureRunner.java:23)
	at org.junit.runners.ParentRunner$3.run(ParentRunner.java:290)
	at org.junit.runners.ParentRunner$1.schedule(ParentRunner.java:71)
	at org.junit.runners.ParentRunner.runChildren(ParentRunner.java:288)
	at org.junit.runners.ParentRunner.access$000(ParentRunner.java:58)
	at org.junit.runners.ParentRunner$2.evaluate(ParentRunner.java:268)
	at org.junit.runners.ParentRunner.run(ParentRunner.java:363)
	at cucumber.runtime.junit.FeatureRunner.run(FeatureRunner.java:73)
	at cucumber.api.junit.Cucumber.runChild(Cucumber.java:117)
	at cucumber.api.junit.Cucumber.runChild(Cucumber.java:55)
	at org.junit.runners.ParentRunner$3.run(ParentRunner.java:290)
	at org.junit.runners.ParentRunner$1.schedule(ParentRunner.java:71)
	at org.junit.runners.ParentRunner.runChildren(ParentRunner.java:288)
	at org.junit.runners.ParentRunner.access$000(ParentRunner.java:58)
	at org.junit.runners.ParentRunner$2.evaluate(ParentRunner.java:268)
	at cucumber.api.junit.Cucumber$1.evaluate(Cucumber.java:126)
	at org.junit.runners.ParentRunner.run(ParentRunner.java:363)
	at org.gradle.api.internal.tasks.testing.junit.JUnitTestClassExecutor.runTestClass(JUnitTestClassExecutor.java:110)
	at org.gradle.api.internal.tasks.testing.junit.JUnitTestClassExecutor.execute(JUnitTestClassExecutor.java:58)
	at org.gradle.api.internal.tasks.testing.junit.JUnitTestClassExecutor.execute(JUnitTestClassExecutor.java:38)
	at org.gradle.api.internal.tasks.testing.junit.AbstractJUnitTestClassProcessor.processTestClass(AbstractJUnitTestClassProcessor.java:62)
	at org.gradle.api.internal.tasks.testing.SuiteTestClassProcessor.processTestClass(SuiteTestClassProcessor.java:51)
	at sun.reflect.NativeMethodAccessorImpl.invoke0(Native Method)
	at sun.reflect.NativeMethodAccessorImpl.invoke(NativeMethodAccessorImpl.java:62)
	at sun.reflect.DelegatingMethodAccessorImpl.invoke(DelegatingMethodAccessorImpl.java:43)
	at java.lang.reflect.Method.invoke(Method.java:498)
	at org.gradle.internal.dispatch.ReflectionDispatch.dispatch(ReflectionDispatch.java:36)
	at org.gradle.internal.dispatch.ReflectionDispatch.dispatch(ReflectionDispatch.java:24)
	at org.gradle.internal.dispatch.ContextClassLoaderDispatch.dispatch(ContextClassLoaderDispatch.java:33)
	at org.gradle.internal.dispatch.ProxyDispatchAdapter$DispatchingInvocationHandler.invoke(ProxyDispatchAdapter.java:94)
	at com.sun.proxy.$Proxy2.processTestClass(Unknown Source)
	at org.gradle.api.internal.tasks.testing.worker.TestWorker.processTestClass(TestWorker.java:119)
	at sun.reflect.NativeMethodAccessorImpl.invoke0(Native Method)
	at sun.reflect.NativeMethodAccessorImpl.invoke(NativeMethodAccessorImpl.java:62)
	at sun.reflect.DelegatingMethodAccessorImpl.invoke(DelegatingMethodAccessorImpl.java:43)
	at java.lang.reflect.Method.invoke(Method.java:498)
	at org.gradle.internal.dispatch.ReflectionDispatch.dispatch(ReflectionDispatch.java:36)
	at org.gradle.internal.dispatch.ReflectionDispatch.dispatch(ReflectionDispatch.java:24)
	at org.gradle.internal.remote.internal.hub.MessageHubBackedObjectConnection$DispatchWrapper.dispatch(MessageHubBackedObjectConnection.java:182)
	at org.gradle.internal.remote.internal.hub.MessageHubBackedObjectConnection$DispatchWrapper.dispatch(MessageHubBackedObjectConnection.java:164)
	at org.gradle.internal.remote.internal.hub.MessageHub$Handler.run(MessageHub.java:414)
	at org.gradle.internal.concurrent.ExecutorPolicy$CatchAndRecordFailures.onExecute(ExecutorPolicy.java:64)
	at org.gradle.internal.concurrent.ManagedExecutorImpl$1.run(ManagedExecutorImpl.java:48)
	at java.util.concurrent.ThreadPoolExecutor.runWorker(ThreadPoolExecutor.java:1149)
	at java.util.concurrent.ThreadPoolExecutor$Worker.run(ThreadPoolExecutor.java:624)
	at org.gradle.internal.concurrent.ThreadFactoryImpl$ManagedThreadRunnable.run(ThreadFactoryImpl.java:56)
	at java.lang.Thread.run(Thread.java:748)
Caused by: org.openqa.selenium.NoSuchElementException: no such element: Unable to locate element: {&quot;method&quot;:&quot;xpath&quot;,&quot;selector&quot;:&quot;//*[@id=&quot;bs-example-navbar-collapse-1&quot;]/ul/li[2]/a&quot;}
  (Session info: chrome=101.0.4951.67)
For documentation on this error, please visit: https://www.seleniumhq.org/exceptions/no_such_element.html
Build info: version: '3.141.59', revision: 'e82be7d358', time: '2018-11-14T08:17:03'
System info: host: 'SSMED5CG1100JY9', ip: '192.168.1.7', os.name: 'Windows 10', os.arch: 'amd64', os.version: '10.0', java.version: '1.8.0_251'
Driver info: org.openqa.selenium.chrome.ChromeDriver
Capabilities {acceptInsecureCerts: false, browserName: chrome, browserVersion: 101.0.4951.67, chrome: {chromedriverVersion: 101.0.4951.41 (93c720db8323..., userDataDir: C:\Users\YAIRA~1.ACE\AppDat...}, goog:chromeOptions: {debuggerAddress: localhost:55440}, javascriptEnabled: true, networkConnectionEnabled: false, pageLoadStrategy: normal, platform: WINDOWS, platformName: WINDOWS, proxy: Proxy(), setWindowRect: true, strictFileInteractability: false, timeouts: {implicit: 0, pageLoad: 300000, script: 30000}, unhandledPromptBehavior: dismiss and notify, webauthn:extension:credBlob: true, webauthn:extension:largeBlob: true, webauthn:virtualAuthenticators: true}
Session ID: 73c5b61a82bf028db55590944ac1187c
*** Element info: {Using=xpath, value=//*[@id=&quot;bs-example-navbar-collapse-1&quot;]/ul/li[2]/a}
	at sun.reflect.NativeConstructorAccessorImpl.newInstance0(Native Method)
	at sun.reflect.NativeConstructorAccessorImpl.newInstance(NativeConstructorAccessorImpl.java:62)
	at sun.reflect.DelegatingConstructorAccessorImpl.newInstance(DelegatingConstructorAccessorImpl.java:45)
	at java.lang.reflect.Constructor.newInstance(Constructor.java:423)
	at org.openqa.selenium.remote.http.W3CHttpResponseCodec.createException(W3CHttpResponseCodec.java:187)
	at org.openqa.selenium.remote.http.W3CHttpResponseCodec.decode(W3CHttpResponseCodec.java:122)
	at org.openqa.selenium.remote.http.W3CHttpResponseCodec.decode(W3CHttpResponseCodec.java:49)
	at org.openqa.selenium.remote.HttpCommandExecutor.execute(HttpCommandExecutor.java:158)
	at org.openqa.selenium.remote.service.DriverCommandExecutor.execute(DriverCommandExecutor.java:83)
	at org.openqa.selenium.remote.RemoteWebDriver.execute(RemoteWebDriver.java:552)
	at org.openqa.selenium.remote.RemoteWebDriver.findElement(RemoteWebDriver.java:323)
	at org.openqa.selenium.remote.RemoteWebDriver.findElementByXPath(RemoteWebDriver.java:428)
	at org.openqa.selenium.By$ByXPath.findElement(By.java:353)
	at org.openqa.selenium.remote.RemoteWebDriver.findElement(RemoteWebDriver.java:315)
	at net.thucydides.core.webdriver.WebDriverFacade.findElement(WebDriverFacade.java:222)
	at net.serenitybdd.core.pages.WebElementResolverByLocator.resolveForDriver(WebElementResolverByLocator.java:18)
	at net.serenitybdd.core.pages.WebElementFacadeImpl.getElement(WebElementFacadeImpl.java:217)
	at net.serenitybdd.core.pages.WebElementExpectations$3.apply(WebElementExpectations.java:63)
	at net.serenitybdd.core.pages.WebElementExpectations$3.apply(WebElementExpectations.java:55)
	at org.openqa.selenium.support.ui.FluentWait.until(FluentWait.java:249)
	... 80 more
</failure>
    <failure message="cucumber.runtime.junit.UndefinedThrowable: The step &quot;El usuario debe ver el reporte descargado con mensaja PresentaciÃ³n de PowerPoint&quot; is undefined" type="cucumber.runtime.junit.UndefinedThrowable">cucumber.runtime.junit.UndefinedThrowable: The step &quot;El usuario debe ver el reporte descargado con mensaja PresentaciÃ³n de PowerPoint&quot; is undefined
</failure>
  </testcase>
  <system-out><![CDATA[]]></system-out>
  <system-err><![CDATA[may 22, 2022 11:49:14 AM org.openqa.selenium.remote.DesiredCapabilities chrome
INFORMACIÃ“N: Using `new ChromeOptions()` is preferred to `DesiredCapabilities.chrome()`
[Test worker] INFO net.serenitybdd.core.webdriver.driverproviders.ProvideNewDriver - Instantiating driver
[Test worker] INFO net.serenitybdd.core.webdriver.driverproviders.ProvideNewDriver - Driver capabilities: Capabilities {acceptInsecureCerts: false, browserName: chrome, chrome.switches: --start-maximized;--test-ty..., goog:chromeOptions: {args: [--start-maximized, --test-type, --no-sandbox, --ignore-certificate-errors;\n, --disable-popup-blocking, --disable-default-apps, --disable-extensions-file-a..., --incognito, --disable-infobars, --disable-gpu, --enable-automation, --test-type], extensions: []}, platform: ANY, version: }
Starting ChromeDriver 101.0.4951.41 (93c720db8323b3ec10d056025ab95c23a31997c9-refs/branch-heads/4951@{#904}) on port 1739
Only local connections are allowed.
Please see https://chromedriver.chromium.org/security-considerations for suggestions on keeping ChromeDriver safe.
ChromeDriver was started successfully.
may 22, 2022 11:49:18 AM org.openqa.selenium.remote.ProtocolHandshake createSession
INFORMACIÃ“N: Detected dialect: W3C
[Test worker] INFO net.thucydides.core.steps.ConsoleLoggingListener - TEST PENDING
[Test worker] ERROR net.thucydides.core.steps.ConsoleLoggingListener - 
           __  _____ _____ ____ _____   _____ _    ___ _     _____ ____  
  _       / / |_   _| ____/ ___|_   _| |  ___/ \  |_ _| |   | ____|  _ \ 
 (_)_____| |    | | |  _| \___ \ | |   | |_ / _ \  | || |   |  _| | | | |
  _|_____| |    | | | |___ ___) || |   |  _/ ___ \ | || |___| |___| |_| |
 (_)     | |    |_| |_____|____/ |_|   |_|/_/   \_\___|_____|_____|____/ 
          \_\                                                            

TEST FAILED: Descargar reporte de petroleo
--------------------------------------------------------------------------
[Test worker] ERROR net.thucydides.core.steps.ConsoleLoggingListener - TEST FAILED AT STEP Usuario clicks on Este es el boton para actualidad economica
[Test worker] ERROR net.thucydides.core.steps.ConsoleLoggingListener - Expected enabled element was not enabledBuild info: version: '3.141.59', revision: 'e82be7d358', time: '2018-11-14T08:17:03'System info: host: 'SSMED5CG1100JY9', ip: '192.168.1.7', os.name: 'Windows 10', os.arch: 'amd64', os.version: '10.0', java.version: '1.8.0_251'Driver info: driver.version: unknown
[pool-2-thread-1] WARN net.thucydides.core.images.ResizableImage - Could not find the dimensions of the screenshot for target\site\serenity\3e873b1b7b242aeb07f5e2d21a37fd147929f9869253fa8a3429edb9c6eaa834.png
[pool-2-thread-1] WARN net.thucydides.core.images.ResizableImage - Could not find the dimensions of the screenshot for target\site\serenity\3e873b1b7b242aeb07f5e2d21a37fd147929f9869253fa8a3429edb9c6eaa834.png
[pool-2-thread-1] WARN net.thucydides.core.images.ResizableImage - Could not find the dimensions of the screenshot for target\site\serenity\3e873b1b7b242aeb07f5e2d21a37fd147929f9869253fa8a3429edb9c6eaa834.png
[pool-2-thread-1] WARN net.thucydides.core.images.ResizableImage - Could not find the dimensions of the screenshot for target\site\serenity\3e873b1b7b242aeb07f5e2d21a37fd147929f9869253fa8a3429edb9c6eaa834.png
[pool-2-thread-1] WARN net.thucydides.core.images.ResizableImage - Could not find the dimensions of the screenshot for target\site\serenity\3e873b1b7b242aeb07f5e2d21a37fd147929f9869253fa8a3429edb9c6eaa834.png
[pool-2-thread-1] WARN net.thucydides.core.images.ResizableImage - Could not find the dimensions of the screenshot for target\site\serenity\3e873b1b7b242aeb07f5e2d21a37fd147929f9869253fa8a3429edb9c6eaa834.png
[pool-2-thread-1] WARN net.thucydides.core.images.ResizableImage - Could not find the dimensions of the screenshot for target\site\serenity\3e873b1b7b242aeb07f5e2d21a37fd147929f9869253fa8a3429edb9c6eaa834.png
[pool-2-thread-1] WARN net.thucydides.core.images.ResizableImage - Could not find the dimensions of the screenshot for target\site\serenity\3e873b1b7b242aeb07f5e2d21a37fd147929f9869253fa8a3429edb9c6eaa834.png
[pool-2-thread-1] WARN net.thucydides.core.images.ResizableImage - Could not find the dimensions of the screenshot for target\site\serenity\3e873b1b7b242aeb07f5e2d21a37fd147929f9869253fa8a3429edb9c6eaa834.png
[pool-2-thread-1] WARN net.thucydides.core.images.ResizableImage - Could not find the dimensions of the screenshot for target\site\serenity\3e873b1b7b242aeb07f5e2d21a37fd147929f9869253fa8a3429edb9c6eaa834.png
[pool-2-thread-1] WARN net.thucydides.core.images.ResizableImage - Could not find the dimensions of the screenshot for target\site\serenity\3e873b1b7b242aeb07f5e2d21a37fd147929f9869253fa8a3429edb9c6eaa834.png
[pool-2-thread-1] WARN net.thucydides.core.images.ResizableImage - Could not find the dimensions of the screenshot for target\site\serenity\3e873b1b7b242aeb07f5e2d21a37fd147929f9869253fa8a3429edb9c6eaa834.png
[pool-2-thread-1] WARN net.thucydides.core.images.ResizableImage - Could not find the dimensions of the screenshot for target\site\serenity\3e873b1b7b242aeb07f5e2d21a37fd147929f9869253fa8a3429edb9c6eaa834.png
[pool-2-thread-1] WARN net.thucydides.core.images.ResizableImage - Could not find the dimensions of the screenshot for target\site\serenity\3e873b1b7b242aeb07f5e2d21a37fd147929f9869253fa8a3429edb9c6eaa834.png
[pool-2-thread-1] WARN net.thucydides.core.images.ResizableImage - Could not find the dimensions of the screenshot for target\site\serenity\3e873b1b7b242aeb07f5e2d21a37fd147929f9869253fa8a3429edb9c6eaa834.png
[pool-2-thread-1] WARN net.thucydides.core.images.ResizableImage - Could not find the dimensions of the screenshot for target\site\serenity\3e873b1b7b242aeb07f5e2d21a37fd147929f9869253fa8a3429edb9c6eaa834.png
[pool-2-thread-1] WARN net.thucydides.core.images.ResizableImage - Could not find the dimensions of the screenshot for target\site\serenity\3e873b1b7b242aeb07f5e2d21a37fd147929f9869253fa8a3429edb9c6eaa834.png
[pool-2-thread-1] WARN net.thucydides.core.images.ResizableImage - Could not find the dimensions of the screenshot for target\site\serenity\3e873b1b7b242aeb07f5e2d21a37fd147929f9869253fa8a3429edb9c6eaa834.png
[pool-2-thread-1] WARN net.thucydides.core.images.ResizableImage - Could not find the dimensions of the screenshot for target\site\serenity\3e873b1b7b242aeb07f5e2d21a37fd147929f9869253fa8a3429edb9c6eaa834.png
[pool-2-thread-1] WARN net.thucydides.core.images.ResizableImage - Could not find the dimensions of the screenshot for target\site\serenity\3e873b1b7b242aeb07f5e2d21a37fd147929f9869253fa8a3429edb9c6eaa834.png
[pool-2-thread-1] WARN net.thucydides.core.images.ResizableImage - Could not find the dimensions of the screenshot for target\site\serenity\3e873b1b7b242aeb07f5e2d21a37fd147929f9869253fa8a3429edb9c6eaa834.png
[pool-2-thread-1] WARN net.thucydides.core.images.ResizableImage - Could not find the dimensions of the screenshot for target\site\serenity\3e873b1b7b242aeb07f5e2d21a37fd147929f9869253fa8a3429edb9c6eaa834.png
[pool-2-thread-1] WARN net.thucydides.core.images.ResizableImage - Could not find the dimensions of the screenshot for target\site\serenity\3e873b1b7b242aeb07f5e2d21a37fd147929f9869253fa8a3429edb9c6eaa834.png
[pool-2-thread-1] WARN net.thucydides.core.images.ResizableImage - Could not find the dimensions of the screenshot for target\site\serenity\3e873b1b7b242aeb07f5e2d21a37fd147929f9869253fa8a3429edb9c6eaa834.png
[pool-2-thread-1] WARN net.thucydides.core.images.ResizableImage - Could not find the dimensions of the screenshot for target\site\serenity\3e873b1b7b242aeb07f5e2d21a37fd147929f9869253fa8a3429edb9c6eaa834.png
[pool-2-thread-1] WARN net.thucydides.core.images.ResizableImage - Could not find the dimensions of the screenshot for target\site\serenity\3e873b1b7b242aeb07f5e2d21a37fd147929f9869253fa8a3429edb9c6eaa834.png
[pool-2-thread-1] WARN net.thucydides.core.images.ResizableImage - Could not find the dimensions of the screenshot for target\site\serenity\3e873b1b7b242aeb07f5e2d21a37fd147929f9869253fa8a3429edb9c6eaa834.png
[pool-2-thread-1] WARN net.thucydides.core.images.ResizableImage - Could not find the dimensions of the screenshot for target\site\serenity\3e873b1b7b242aeb07f5e2d21a37fd147929f9869253fa8a3429edb9c6eaa834.png
[pool-2-thread-1] WARN net.thucydides.core.images.ResizableImage - Could not find the dimensions of the screenshot for target\site\serenity\3e873b1b7b242aeb07f5e2d21a37fd147929f9869253fa8a3429edb9c6eaa834.png
[pool-2-thread-1] WARN net.thucydides.core.images.ResizableImage - Could not find the dimensions of the screenshot for target\site\serenity\3e873b1b7b242aeb07f5e2d21a37fd147929f9869253fa8a3429edb9c6eaa834.png
[pool-2-thread-1] WARN net.thucydides.core.images.ResizableImage - Could not find the dimensions of the screenshot for target\site\serenity\3e873b1b7b242aeb07f5e2d21a37fd147929f9869253fa8a3429edb9c6eaa834.png
[pool-2-thread-1] WARN net.thucydides.core.images.ResizableImage - Could not find the dimensions of the screenshot for target\site\serenity\3e873b1b7b242aeb07f5e2d21a37fd147929f9869253fa8a3429edb9c6eaa834.png
[pool-2-thread-1] WARN net.thucydides.core.images.ResizableImage - Could not find the dimensions of the screenshot for target\site\serenity\3e873b1b7b242aeb07f5e2d21a37fd147929f9869253fa8a3429edb9c6eaa834.png
[pool-2-thread-1] WARN net.thucydides.core.images.ResizableImage - Could not find the dimensions of the screenshot for target\site\serenity\3e873b1b7b242aeb07f5e2d21a37fd147929f9869253fa8a3429edb9c6eaa834.png
[pool-2-thread-1] WARN net.thucydides.core.images.ResizableImage - Could not find the dimensions of the screenshot for target\site\serenity\3e873b1b7b242aeb07f5e2d21a37fd147929f9869253fa8a3429edb9c6eaa834.png
[pool-2-thread-1] WARN net.thucydides.core.images.ResizableImage - Could not find the dimensions of the screenshot for target\site\serenity\3e873b1b7b242aeb07f5e2d21a37fd147929f9869253fa8a3429edb9c6eaa834.png
[pool-2-thread-1] WARN net.thucydides.core.images.ResizableImage - Could not find the dimensions of the screenshot for target\site\serenity\3e873b1b7b242aeb07f5e2d21a37fd147929f9869253fa8a3429edb9c6eaa834.png
[pool-2-thread-1] WARN net.thucydides.core.images.ResizableImage - Could not find the dimensions of the screenshot for target\site\serenity\3e873b1b7b242aeb07f5e2d21a37fd147929f9869253fa8a3429edb9c6eaa834.png
[pool-2-thread-1] WARN net.thucydides.core.images.ResizableImage - Could not find the dimensions of the screenshot for target\site\serenity\3e873b1b7b242aeb07f5e2d21a37fd147929f9869253fa8a3429edb9c6eaa834.png
[pool-2-thread-1] WARN net.thucydides.core.images.ResizableImage - Could not find the dimensions of the screenshot for target\site\serenity\3e873b1b7b242aeb07f5e2d21a37fd147929f9869253fa8a3429edb9c6eaa834.png
[pool-2-thread-1] WARN net.thucydides.core.images.ResizableImage - Could not find the dimensions of the screenshot for target\site\serenity\3e873b1b7b242aeb07f5e2d21a37fd147929f9869253fa8a3429edb9c6eaa834.png
[pool-2-thread-1] WARN net.thucydides.core.images.ResizableImage - Could not find the dimensions of the screenshot for target\site\serenity\3e873b1b7b242aeb07f5e2d21a37fd147929f9869253fa8a3429edb9c6eaa834.png
[pool-2-thread-1] WARN net.thucydides.core.images.ResizableImage - Could not find the dimensions of the screenshot for target\site\serenity\3e873b1b7b242aeb07f5e2d21a37fd147929f9869253fa8a3429edb9c6eaa834.png
[pool-2-thread-1] WARN net.thucydides.core.images.ResizableImage - Could not find the dimensions of the screenshot for target\site\serenity\3e873b1b7b242aeb07f5e2d21a37fd147929f9869253fa8a3429edb9c6eaa834.png
[pool-2-thread-1] WARN net.thucydides.core.images.ResizableImage - Could not find the dimensions of the screenshot for target\site\serenity\3e873b1b7b242aeb07f5e2d21a37fd147929f9869253fa8a3429edb9c6eaa834.png
[pool-2-thread-1] WARN net.thucydides.core.images.ResizableImage - Could not find the dimensions of the screenshot for target\site\serenity\3e873b1b7b242aeb07f5e2d21a37fd147929f9869253fa8a3429edb9c6eaa834.png
[pool-2-thread-1] WARN net.thucydides.core.images.ResizableImage - Could not find the dimensions of the screenshot for target\site\serenity\3e873b1b7b242aeb07f5e2d21a37fd147929f9869253fa8a3429edb9c6eaa834.png
[pool-2-thread-1] WARN net.thucydides.core.images.ResizableImage - Could not find the dimensions of the screenshot for target\site\serenity\3e873b1b7b242aeb07f5e2d21a37fd147929f9869253fa8a3429edb9c6eaa834.png
[pool-2-thread-1] WARN net.thucydides.core.images.ResizableImage - Could not find the dimensions of the screenshot for target\site\serenity\3e873b1b7b242aeb07f5e2d21a37fd147929f9869253fa8a3429edb9c6eaa834.png
[pool-2-thread-1] WARN net.thucydides.core.images.ResizableImage - Could not find the dimensions of the screenshot for target\site\serenity\3e873b1b7b242aeb07f5e2d21a37fd147929f9869253fa8a3429edb9c6eaa834.png
[pool-2-thread-1] WARN net.thucydides.core.images.ResizableImage - Could not find the dimensions of the screenshot for target\site\serenity\3e873b1b7b242aeb07f5e2d21a37fd147929f9869253fa8a3429edb9c6eaa834.png
[pool-2-thread-1] WARN net.thucydides.core.images.ResizableImage - Could not find the dimensions of the screenshot for target\site\serenity\3e873b1b7b242aeb07f5e2d21a37fd147929f9869253fa8a3429edb9c6eaa834.png
[pool-2-thread-1] WARN net.thucydides.core.images.ResizableImage - Could not find the dimensions of the screenshot for target\site\serenity\3e873b1b7b242aeb07f5e2d21a37fd147929f9869253fa8a3429edb9c6eaa834.png
[pool-2-thread-1] WARN net.thucydides.core.images.ResizableImage - Could not find the dimensions of the screenshot for target\site\serenity\3e873b1b7b242aeb07f5e2d21a37fd147929f9869253fa8a3429edb9c6eaa834.png
[pool-2-thread-1] WARN net.thucydides.core.images.ResizableImage - Could not find the dimensions of the screenshot for target\site\serenity\3e873b1b7b242aeb07f5e2d21a37fd147929f9869253fa8a3429edb9c6eaa834.png
[pool-2-thread-1] WARN net.thucydides.core.images.ResizableImage - Could not find the dimensions of the screenshot for target\site\serenity\3e873b1b7b242aeb07f5e2d21a37fd147929f9869253fa8a3429edb9c6eaa834.png
[pool-2-thread-1] WARN net.thucydides.core.images.ResizableImage - Could not find the dimensions of the screenshot for target\site\serenity\3e873b1b7b242aeb07f5e2d21a37fd147929f9869253fa8a3429edb9c6eaa834.png
[pool-2-thread-1] WARN net.thucydides.core.images.ResizableImage - Could not find the dimensions of the screenshot for target\site\serenity\3e873b1b7b242aeb07f5e2d21a37fd147929f9869253fa8a3429edb9c6eaa834.png
[pool-2-thread-1] WARN net.thucydides.core.images.ResizableImage - Could not find the dimensions of the screenshot for target\site\serenity\3e873b1b7b242aeb07f5e2d21a37fd147929f9869253fa8a3429edb9c6eaa834.png
[pool-2-thread-1] WARN net.thucydides.core.images.ResizableImage - Could not find the dimensions of the screenshot for target\site\serenity\3e873b1b7b242aeb07f5e2d21a37fd147929f9869253fa8a3429edb9c6eaa834.png
[pool-2-thread-1] WARN net.thucydides.core.images.ResizableImage - Could not find the dimensions of the screenshot for target\site\serenity\3e873b1b7b242aeb07f5e2d21a37fd147929f9869253fa8a3429edb9c6eaa834.png
[pool-2-thread-1] WARN net.thucydides.core.images.ResizableImage - Could not find the dimensions of the screenshot for target\site\serenity\3e873b1b7b242aeb07f5e2d21a37fd147929f9869253fa8a3429edb9c6eaa834.png
[pool-2-thread-1] WARN net.thucydides.core.images.ResizableImage - Could not find the dimensions of the screenshot for target\site\serenity\3e873b1b7b242aeb07f5e2d21a37fd147929f9869253fa8a3429edb9c6eaa834.png
[pool-2-thread-1] WARN net.thucydides.core.images.ResizableImage - Could not find the dimensions of the screenshot for target\site\serenity\3e873b1b7b242aeb07f5e2d21a37fd147929f9869253fa8a3429edb9c6eaa834.png
[pool-2-thread-1] WARN net.thucydides.core.images.ResizableImage - Could not find the dimensions of the screenshot for target\site\serenity\3e873b1b7b242aeb07f5e2d21a37fd147929f9869253fa8a3429edb9c6eaa834.png
[pool-2-thread-1] WARN net.thucydides.core.images.ResizableImage - Could not find the dimensions of the screenshot for target\site\serenity\3e873b1b7b242aeb07f5e2d21a37fd147929f9869253fa8a3429edb9c6eaa834.png
[pool-2-thread-1] WARN net.thucydides.core.images.ResizableImage - Could not find the dimensions of the screenshot for target\site\serenity\3e873b1b7b242aeb07f5e2d21a37fd147929f9869253fa8a3429edb9c6eaa834.png
[pool-2-thread-1] WARN net.thucydides.core.images.ResizableImage - Could not find the dimensions of the screenshot for target\site\serenity\3e873b1b7b242aeb07f5e2d21a37fd147929f9869253fa8a3429edb9c6eaa834.png
[pool-2-thread-1] WARN net.thucydides.core.images.ResizableImage - Could not find the dimensions of the screenshot for target\site\serenity\3e873b1b7b242aeb07f5e2d21a37fd147929f9869253fa8a3429edb9c6eaa834.png
[pool-2-thread-1] WARN net.thucydides.core.images.ResizableImage - Could not find the dimensions of the screenshot for target\site\serenity\3e873b1b7b242aeb07f5e2d21a37fd147929f9869253fa8a3429edb9c6eaa834.png
[pool-2-thread-1] WARN net.thucydides.core.images.ResizableImage - Could not find the dimensions of the screenshot for target\site\serenity\3e873b1b7b242aeb07f5e2d21a37fd147929f9869253fa8a3429edb9c6eaa834.png
[pool-2-thread-1] WARN net.thucydides.core.images.ResizableImage - Could not find the dimensions of the screenshot for target\site\serenity\3e873b1b7b242aeb07f5e2d21a37fd147929f9869253fa8a3429edb9c6eaa834.png
[pool-2-thread-1] WARN net.thucydides.core.images.ResizableImage - Could not find the dimensions of the screenshot for target\site\serenity\3e873b1b7b242aeb07f5e2d21a37fd147929f9869253fa8a3429edb9c6eaa834.png
[pool-2-thread-1] WARN net.thucydides.core.images.ResizableImage - Could not find the dimensions of the screenshot for target\site\serenity\3e873b1b7b242aeb07f5e2d21a37fd147929f9869253fa8a3429edb9c6eaa834.png
[pool-2-thread-1] WARN net.thucydides.core.images.ResizableImage - Could not find the dimensions of the screenshot for target\site\serenity\3e873b1b7b242aeb07f5e2d21a37fd147929f9869253fa8a3429edb9c6eaa834.png
[pool-2-thread-1] WARN net.thucydides.core.images.ResizableImage - Could not find the dimensions of the screenshot for target\site\serenity\3e873b1b7b242aeb07f5e2d21a37fd147929f9869253fa8a3429edb9c6eaa834.png
[pool-2-thread-1] WARN net.thucydides.core.images.ResizableImage - Could not find the dimensions of the screenshot for target\site\serenity\3e873b1b7b242aeb07f5e2d21a37fd147929f9869253fa8a3429edb9c6eaa834.png
[pool-2-thread-1] WARN net.thucydides.core.images.ResizableImage - Could not find the dimensions of the screenshot for target\site\serenity\3e873b1b7b242aeb07f5e2d21a37fd147929f9869253fa8a3429edb9c6eaa834.png
[pool-2-thread-1] WARN net.thucydides.core.images.ResizableImage - Could not find the dimensions of the screenshot for target\site\serenity\3e873b1b7b242aeb07f5e2d21a37fd147929f9869253fa8a3429edb9c6eaa834.png
[pool-2-thread-1] WARN net.thucydides.core.images.ResizableImage - Could not find the dimensions of the screenshot for target\site\serenity\3e873b1b7b242aeb07f5e2d21a37fd147929f9869253fa8a3429edb9c6eaa834.png
[pool-2-thread-1] WARN net.thucydides.core.images.ResizableImage - Could not find the dimensions of the screenshot for target\site\serenity\3e873b1b7b242aeb07f5e2d21a37fd147929f9869253fa8a3429edb9c6eaa834.png
[pool-2-thread-1] WARN net.thucydides.core.images.ResizableImage - Could not find the dimensions of the screenshot for target\site\serenity\3e873b1b7b242aeb07f5e2d21a37fd147929f9869253fa8a3429edb9c6eaa834.png
[pool-2-thread-1] WARN net.thucydides.core.images.ResizableImage - Could not find the dimensions of the screenshot for target\site\serenity\3e873b1b7b242aeb07f5e2d21a37fd147929f9869253fa8a3429edb9c6eaa834.png
[pool-2-thread-1] WARN net.thucydides.core.images.ResizableImage - Could not find the dimensions of the screenshot for target\site\serenity\3e873b1b7b242aeb07f5e2d21a37fd147929f9869253fa8a3429edb9c6eaa834.png
[pool-2-thread-1] WARN net.thucydides.core.images.ResizableImage - Could not find the dimensions of the screenshot for target\site\serenity\3e873b1b7b242aeb07f5e2d21a37fd147929f9869253fa8a3429edb9c6eaa834.png
[pool-2-thread-1] WARN net.thucydides.core.images.ResizableImage - Could not find the dimensions of the screenshot for target\site\serenity\3e873b1b7b242aeb07f5e2d21a37fd147929f9869253fa8a3429edb9c6eaa834.png
[pool-2-thread-1] WARN net.thucydides.core.images.ResizableImage - Could not find the dimensions of the screenshot for target\site\serenity\3e873b1b7b242aeb07f5e2d21a37fd147929f9869253fa8a3429edb9c6eaa834.png
[pool-2-thread-1] WARN net.thucydides.core.images.ResizableImage - Could not find the dimensions of the screenshot for target\site\serenity\3e873b1b7b242aeb07f5e2d21a37fd147929f9869253fa8a3429edb9c6eaa834.png
[pool-2-thread-1] WARN net.thucydides.core.images.ResizableImage - Could not find the dimensions of the screenshot for target\site\serenity\3e873b1b7b242aeb07f5e2d21a37fd147929f9869253fa8a3429edb9c6eaa834.png
[pool-2-thread-1] WARN net.thucydides.core.images.ResizableImage - Could not find the dimensions of the screenshot for target\site\serenity\3e873b1b7b242aeb07f5e2d21a37fd147929f9869253fa8a3429edb9c6eaa834.png
[pool-2-thread-1] WARN net.thucydides.core.images.ResizableImage - Could not find the dimensions of the screenshot for target\site\serenity\3e873b1b7b242aeb07f5e2d21a37fd147929f9869253fa8a3429edb9c6eaa834.png
[pool-2-thread-1] WARN net.thucydides.core.images.ResizableImage - Could not find the dimensions of the screenshot for target\site\serenity\3e873b1b7b242aeb07f5e2d21a37fd147929f9869253fa8a3429edb9c6eaa834.png
[pool-2-thread-1] WARN net.thucydides.core.images.ResizableImage - Could not find the dimensions of the screenshot for target\site\serenity\3e873b1b7b242aeb07f5e2d21a37fd147929f9869253fa8a3429edb9c6eaa834.png
[pool-2-thread-1] WARN net.thucydides.core.images.ResizableImage - Could not find the dimensions of the screenshot for target\site\serenity\3e873b1b7b242aeb07f5e2d21a37fd147929f9869253fa8a3429edb9c6eaa834.png
[pool-2-thread-1] WARN net.thucydides.core.images.ResizableImage - Could not find the dimensions of the screenshot for target\site\serenity\3e873b1b7b242aeb07f5e2d21a37fd147929f9869253fa8a3429edb9c6eaa834.png
[pool-2-thread-1] WARN net.thucydides.core.images.ResizableImage - Could not find the dimensions of the screenshot for target\site\serenity\3e873b1b7b242aeb07f5e2d21a37fd147929f9869253fa8a3429edb9c6eaa834.png
[pool-2-thread-1] WARN net.thucydides.core.images.ResizableImage - Could not find the dimensions of the screenshot for target\site\serenity\3e873b1b7b242aeb07f5e2d21a37fd147929f9869253fa8a3429edb9c6eaa834.png
[pool-2-thread-1] WARN net.thucydides.core.images.ResizableImage - Could not find the dimensions of the screenshot for target\site\serenity\3e873b1b7b242aeb07f5e2d21a37fd147929f9869253fa8a3429edb9c6eaa834.png
[pool-2-thread-1] WARN net.thucydides.core.images.ResizableImage - Could not find the dimensions of the screenshot for target\site\serenity\3e873b1b7b242aeb07f5e2d21a37fd147929f9869253fa8a3429edb9c6eaa834.png
[pool-2-thread-1] WARN net.thucydides.core.images.ResizableImage - Could not find the dimensions of the screenshot for target\site\serenity\3e873b1b7b242aeb07f5e2d21a37fd147929f9869253fa8a3429edb9c6eaa834.png
[pool-2-thread-1] WARN net.thucydides.core.images.ResizableImage - Could not find the dimensions of the screenshot for target\site\serenity\3e873b1b7b242aeb07f5e2d21a37fd147929f9869253fa8a3429edb9c6eaa834.png
[pool-2-thread-1] WARN net.thucydides.core.images.ResizableImage - Could not find the dimensions of the screenshot for target\site\serenity\3e873b1b7b242aeb07f5e2d21a37fd147929f9869253fa8a3429edb9c6eaa834.png
[pool-2-thread-1] WARN net.thucydides.core.images.ResizableImage - Could not find the dimensions of the screenshot for target\site\serenity\3e873b1b7b242aeb07f5e2d21a37fd147929f9869253fa8a3429edb9c6eaa834.png
[pool-2-thread-1] WARN net.thucydides.core.images.ResizableImage - Could not find the dimensions of the screenshot for target\site\serenity\3e873b1b7b242aeb07f5e2d21a37fd147929f9869253fa8a3429edb9c6eaa834.png
[pool-2-thread-1] WARN net.thucydides.core.images.ResizableImage - Could not find the dimensions of the screenshot for target\site\serenity\3e873b1b7b242aeb07f5e2d21a37fd147929f9869253fa8a3429edb9c6eaa834.png
[pool-2-thread-1] WARN net.thucydides.core.images.ResizableImage - Could not find the dimensions of the screenshot for target\site\serenity\3e873b1b7b242aeb07f5e2d21a37fd147929f9869253fa8a3429edb9c6eaa834.png
[pool-2-thread-1] WARN net.thucydides.core.images.ResizableImage - Could not find the dimensions of the screenshot for target\site\serenity\3e873b1b7b242aeb07f5e2d21a37fd147929f9869253fa8a3429edb9c6eaa834.png
[pool-2-thread-1] WARN net.thucydides.core.images.ResizableImage - Could not find the dimensions of the screenshot for target\site\serenity\3e873b1b7b242aeb07f5e2d21a37fd147929f9869253fa8a3429edb9c6eaa834.png
[pool-2-thread-1] WARN net.thucydides.core.images.ResizableImage - Could not find the dimensions of the screenshot for target\site\serenity\3e873b1b7b242aeb07f5e2d21a37fd147929f9869253fa8a3429edb9c6eaa834.png
[pool-2-thread-1] WARN net.thucydides.core.images.ResizableImage - Could not find the dimensions of the screenshot for target\site\serenity\3e873b1b7b242aeb07f5e2d21a37fd147929f9869253fa8a3429edb9c6eaa834.png
[pool-2-thread-1] WARN net.thucydides.core.images.ResizableImage - Could not find the dimensions of the screenshot for target\site\serenity\3e873b1b7b242aeb07f5e2d21a37fd147929f9869253fa8a3429edb9c6eaa834.png
[pool-2-thread-1] WARN net.thucydides.core.images.ResizableImage - Could not find the dimensions of the screenshot for target\site\serenity\3e873b1b7b242aeb07f5e2d21a37fd147929f9869253fa8a3429edb9c6eaa834.png
[pool-2-thread-1] WARN net.thucydides.core.images.ResizableImage - Could not find the dimensions of the screenshot for target\site\serenity\3e873b1b7b242aeb07f5e2d21a37fd147929f9869253fa8a3429edb9c6eaa834.png
[pool-2-thread-1] WARN net.thucydides.core.images.ResizableImage - Could not find the dimensions of the screenshot for target\site\serenity\3e873b1b7b242aeb07f5e2d21a37fd147929f9869253fa8a3429edb9c6eaa834.png
[pool-2-thread-1] WARN net.thucydides.core.images.ResizableImage - Could not find the dimensions of the screenshot for target\site\serenity\3e873b1b7b242aeb07f5e2d21a37fd147929f9869253fa8a3429edb9c6eaa834.png
[pool-2-thread-1] WARN net.thucydides.core.images.ResizableImage - Could not find the dimensions of the screenshot for target\site\serenity\3e873b1b7b242aeb07f5e2d21a37fd147929f9869253fa8a3429edb9c6eaa834.png
[pool-2-thread-1] WARN net.thucydides.core.images.ResizableImage - Could not find the dimensions of the screenshot for target\site\serenity\3e873b1b7b242aeb07f5e2d21a37fd147929f9869253fa8a3429edb9c6eaa834.png
[pool-2-thread-1] WARN net.thucydides.core.images.ResizableImage - Could not find the dimensions of the screenshot for target\site\serenity\3e873b1b7b242aeb07f5e2d21a37fd147929f9869253fa8a3429edb9c6eaa834.png
[pool-2-thread-1] WARN net.thucydides.core.images.ResizableImage - Could not find the dimensions of the screenshot for target\site\serenity\3e873b1b7b242aeb07f5e2d21a37fd147929f9869253fa8a3429edb9c6eaa834.png
[pool-2-thread-1] WARN net.thucydides.core.images.ResizableImage - Could not find the dimensions of the screenshot for target\site\serenity\3e873b1b7b242aeb07f5e2d21a37fd147929f9869253fa8a3429edb9c6eaa834.png
[pool-2-thread-1] WARN net.thucydides.core.images.ResizableImage - Could not find the dimensions of the screenshot for target\site\serenity\3e873b1b7b242aeb07f5e2d21a37fd147929f9869253fa8a3429edb9c6eaa834.png
[pool-2-thread-1] WARN net.thucydides.core.images.ResizableImage - Could not find the dimensions of the screenshot for target\site\serenity\3e873b1b7b242aeb07f5e2d21a37fd147929f9869253fa8a3429edb9c6eaa834.png
[pool-2-thread-1] WARN net.thucydides.core.images.ResizableImage - Could not find the dimensions of the screenshot for target\site\serenity\3e873b1b7b242aeb07f5e2d21a37fd147929f9869253fa8a3429edb9c6eaa834.png
[pool-2-thread-1] WARN net.thucydides.core.images.ResizableImage - Could not find the dimensions of the screenshot for target\site\serenity\3e873b1b7b242aeb07f5e2d21a37fd147929f9869253fa8a3429edb9c6eaa834.png
[pool-2-thread-1] WARN net.thucydides.core.images.ResizableImage - Could not find the dimensions of the screenshot for target\site\serenity\3e873b1b7b242aeb07f5e2d21a37fd147929f9869253fa8a3429edb9c6eaa834.png
[pool-2-thread-1] WARN net.thucydides.core.images.ResizableImage - Could not find the dimensions of the screenshot for target\site\serenity\3e873b1b7b242aeb07f5e2d21a37fd147929f9869253fa8a3429edb9c6eaa834.png
[pool-2-thread-1] WARN net.thucydides.core.images.ResizableImage - Could not find the dimensions of the screenshot for target\site\serenity\3e873b1b7b242aeb07f5e2d21a37fd147929f9869253fa8a3429edb9c6eaa834.png
[pool-2-thread-1] WARN net.thucydides.core.images.ResizableImage - Could not find the dimensions of the screenshot for target\site\serenity\3e873b1b7b242aeb07f5e2d21a37fd147929f9869253fa8a3429edb9c6eaa834.png
[pool-2-thread-1] WARN net.thucydides.core.images.ResizableImage - Could not find the dimensions of the screenshot for target\site\serenity\3e873b1b7b242aeb07f5e2d21a37fd147929f9869253fa8a3429edb9c6eaa834.png
[pool-2-thread-1] WARN net.thucydides.core.images.ResizableImage - Could not find the dimensions of the screenshot for target\site\serenity\3e873b1b7b242aeb07f5e2d21a37fd147929f9869253fa8a3429edb9c6eaa834.png
[pool-2-thread-1] WARN net.thucydides.core.images.ResizableImage - Could not find the dimensions of the screenshot for target\site\serenity\3e873b1b7b242aeb07f5e2d21a37fd147929f9869253fa8a3429edb9c6eaa834.png
[pool-2-thread-1] WARN net.thucydides.core.images.ResizableImage - Could not find the dimensions of the screenshot for target\site\serenity\3e873b1b7b242aeb07f5e2d21a37fd147929f9869253fa8a3429edb9c6eaa834.png
[pool-2-thread-1] WARN net.thucydides.core.images.ResizableImage - Could not find the dimensions of the screenshot for target\site\serenity\3e873b1b7b242aeb07f5e2d21a37fd147929f9869253fa8a3429edb9c6eaa834.png
[pool-2-thread-1] WARN net.thucydides.core.images.ResizableImage - Could not find the dimensions of the screenshot for target\site\serenity\3e873b1b7b242aeb07f5e2d21a37fd147929f9869253fa8a3429edb9c6eaa834.png
[pool-2-thread-1] WARN net.thucydides.core.images.ResizableImage - Could not find the dimensions of the screenshot for target\site\serenity\3e873b1b7b242aeb07f5e2d21a37fd147929f9869253fa8a3429edb9c6eaa834.png
[pool-2-thread-1] WARN net.thucydides.core.images.ResizableImage - Could not find the dimensions of the screenshot for target\site\serenity\3e873b1b7b242aeb07f5e2d21a37fd147929f9869253fa8a3429edb9c6eaa834.png
[pool-2-thread-1] WARN net.thucydides.core.images.ResizableImage - Could not find the dimensions of the screenshot for target\site\serenity\3e873b1b7b242aeb07f5e2d21a37fd147929f9869253fa8a3429edb9c6eaa834.png
[pool-2-thread-1] WARN net.thucydides.core.images.ResizableImage - Could not find the dimensions of the screenshot for target\site\serenity\3e873b1b7b242aeb07f5e2d21a37fd147929f9869253fa8a3429edb9c6eaa834.png
[pool-2-thread-1] WARN net.thucydides.core.images.ResizableImage - Could not find the dimensions of the screenshot for target\site\serenity\3e873b1b7b242aeb07f5e2d21a37fd147929f9869253fa8a3429edb9c6eaa834.png
[pool-2-thread-1] WARN net.thucydides.core.images.ResizableImage - Could not find the dimensions of the screenshot for target\site\serenity\3e873b1b7b242aeb07f5e2d21a37fd147929f9869253fa8a3429edb9c6eaa834.png
[pool-2-thread-1] WARN net.thucydides.core.images.ResizableImage - Could not find the dimensions of the screenshot for target\site\serenity\3e873b1b7b242aeb07f5e2d21a37fd147929f9869253fa8a3429edb9c6eaa834.png
[pool-2-thread-1] WARN net.thucydides.core.images.ResizableImage - Could not find the dimensions of the screenshot for target\site\serenity\3e873b1b7b242aeb07f5e2d21a37fd147929f9869253fa8a3429edb9c6eaa834.png
[pool-2-thread-1] WARN net.thucydides.core.images.ResizableImage - Could not find the dimensions of the screenshot for target\site\serenity\3e873b1b7b242aeb07f5e2d21a37fd147929f9869253fa8a3429edb9c6eaa834.png
[pool-2-thread-1] WARN net.thucydides.core.images.ResizableImage - Could not find the dimensions of the screenshot for target\site\serenity\3e873b1b7b242aeb07f5e2d21a37fd147929f9869253fa8a3429edb9c6eaa834.png
[pool-2-thread-1] WARN net.thucydides.core.images.ResizableImage - Could not find the dimensions of the screenshot for target\site\serenity\3e873b1b7b242aeb07f5e2d21a37fd147929f9869253fa8a3429edb9c6eaa834.png
[pool-2-thread-1] WARN net.thucydides.core.images.ResizableImage - Could not find the dimensions of the screenshot for target\site\serenity\3e873b1b7b242aeb07f5e2d21a37fd147929f9869253fa8a3429edb9c6eaa834.png
[pool-2-thread-1] WARN net.thucydides.core.images.ResizableImage - Could not find the dimensions of the screenshot for target\site\serenity\3e873b1b7b242aeb07f5e2d21a37fd147929f9869253fa8a3429edb9c6eaa834.png
[pool-2-thread-1] WARN net.thucydides.core.images.ResizableImage - Could not find the dimensions of the screenshot for target\site\serenity\3e873b1b7b242aeb07f5e2d21a37fd147929f9869253fa8a3429edb9c6eaa834.png
[pool-2-thread-1] WARN net.thucydides.core.images.ResizableImage - Could not find the dimensions of the screenshot for target\site\serenity\3e873b1b7b242aeb07f5e2d21a37fd147929f9869253fa8a3429edb9c6eaa834.png
[pool-2-thread-1] WARN net.thucydides.core.images.ResizableImage - Could not find the dimensions of the screenshot for target\site\serenity\3e873b1b7b242aeb07f5e2d21a37fd147929f9869253fa8a3429edb9c6eaa834.png
[pool-2-thread-1] WARN net.thucydides.core.images.ResizableImage - Could not find the dimensions of the screenshot for target\site\serenity\3e873b1b7b242aeb07f5e2d21a37fd147929f9869253fa8a3429edb9c6eaa834.png
[pool-2-thread-1] WARN net.thucydides.core.images.ResizableImage - Could not find the dimensions of the screenshot for target\site\serenity\3e873b1b7b242aeb07f5e2d21a37fd147929f9869253fa8a3429edb9c6eaa834.png
[pool-2-thread-1] WARN net.thucydides.core.images.ResizableImage - Could not find the dimensions of the screenshot for target\site\serenity\3e873b1b7b242aeb07f5e2d21a37fd147929f9869253fa8a3429edb9c6eaa834.png
[pool-2-thread-1] WARN net.thucydides.core.images.ResizableImage - Could not find the dimensions of the screenshot for target\site\serenity\3e873b1b7b242aeb07f5e2d21a37fd147929f9869253fa8a3429edb9c6eaa834.png
[pool-2-thread-1] WARN net.thucydides.core.images.ResizableImage - Could not find the dimensions of the screenshot for target\site\serenity\3e873b1b7b242aeb07f5e2d21a37fd147929f9869253fa8a3429edb9c6eaa834.png
[pool-2-thread-1] WARN net.thucydides.core.images.ResizableImage - Could not find the dimensions of the screenshot for target\site\serenity\3e873b1b7b242aeb07f5e2d21a37fd147929f9869253fa8a3429edb9c6eaa834.png
[pool-2-thread-1] WARN net.thucydides.core.images.ResizableImage - Could not find the dimensions of the screenshot for target\site\serenity\3e873b1b7b242aeb07f5e2d21a37fd147929f9869253fa8a3429edb9c6eaa834.png
[pool-2-thread-1] WARN net.thucydides.core.images.ResizableImage - Could not find the dimensions of the screenshot for target\site\serenity\3e873b1b7b242aeb07f5e2d21a37fd147929f9869253fa8a3429edb9c6eaa834.png
[pool-2-thread-1] WARN net.thucydides.core.images.ResizableImage - Could not find the dimensions of the screenshot for target\site\serenity\3e873b1b7b242aeb07f5e2d21a37fd147929f9869253fa8a3429edb9c6eaa834.png
[pool-2-thread-1] WARN net.thucydides.core.images.ResizableImage - Could not find the dimensions of the screenshot for target\site\serenity\3e873b1b7b242aeb07f5e2d21a37fd147929f9869253fa8a3429edb9c6eaa834.png
[pool-2-thread-1] WARN net.thucydides.core.images.ResizableImage - Could not find the dimensions of the screenshot for target\site\serenity\3e873b1b7b242aeb07f5e2d21a37fd147929f9869253fa8a3429edb9c6eaa834.png
[pool-2-thread-1] WARN net.thucydides.core.images.ResizableImage - Could not find the dimensions of the screenshot for target\site\serenity\3e873b1b7b242aeb07f5e2d21a37fd147929f9869253fa8a3429edb9c6eaa834.png
[pool-2-thread-1] WARN net.thucydides.core.images.ResizableImage - Could not find the dimensions of the screenshot for target\site\serenity\3e873b1b7b242aeb07f5e2d21a37fd147929f9869253fa8a3429edb9c6eaa834.png
[pool-2-thread-1] WARN net.thucydides.core.images.ResizableImage - Could not find the dimensions of the screenshot for target\site\serenity\3e873b1b7b242aeb07f5e2d21a37fd147929f9869253fa8a3429edb9c6eaa834.png
[pool-2-thread-1] WARN net.thucydides.core.images.ResizableImage - Could not find the dimensions of the screenshot for target\site\serenity\3e873b1b7b242aeb07f5e2d21a37fd147929f9869253fa8a3429edb9c6eaa834.png
[pool-2-thread-1] WARN net.thucydides.core.images.ResizableImage - Could not find the dimensions of the screenshot for target\site\serenity\3e873b1b7b242aeb07f5e2d21a37fd147929f9869253fa8a3429edb9c6eaa834.png
[pool-2-thread-1] WARN net.thucydides.core.images.ResizableImage - Could not find the dimensions of the screenshot for target\site\serenity\3e873b1b7b242aeb07f5e2d21a37fd147929f9869253fa8a3429edb9c6eaa834.png
[pool-2-thread-1] WARN net.thucydides.core.images.ResizableImage - Could not find the dimensions of the screenshot for target\site\serenity\3e873b1b7b242aeb07f5e2d21a37fd147929f9869253fa8a3429edb9c6eaa834.png
[pool-2-thread-1] WARN net.thucydides.core.images.ResizableImage - Could not find the dimensions of the screenshot for target\site\serenity\3e873b1b7b242aeb07f5e2d21a37fd147929f9869253fa8a3429edb9c6eaa834.png
[pool-2-thread-1] WARN net.thucydides.core.images.ResizableImage - Could not find the dimensions of the screenshot for target\site\serenity\3e873b1b7b242aeb07f5e2d21a37fd147929f9869253fa8a3429edb9c6eaa834.png
[pool-2-thread-1] WARN net.thucydides.core.images.ResizableImage - Could not find the dimensions of the screenshot for target\site\serenity\3e873b1b7b242aeb07f5e2d21a37fd147929f9869253fa8a3429edb9c6eaa834.png
[pool-2-thread-1] WARN net.thucydides.core.images.ResizableImage - Could not find the dimensions of the screenshot for target\site\serenity\3e873b1b7b242aeb07f5e2d21a37fd147929f9869253fa8a3429edb9c6eaa834.png
[pool-2-thread-1] WARN net.thucydides.core.images.ResizableImage - Could not find the dimensions of the screenshot for target\site\serenity\3e873b1b7b242aeb07f5e2d21a37fd147929f9869253fa8a3429edb9c6eaa834.png
[pool-2-thread-1] WARN net.thucydides.core.images.ResizableImage - Could not find the dimensions of the screenshot for target\site\serenity\3e873b1b7b242aeb07f5e2d21a37fd147929f9869253fa8a3429edb9c6eaa834.png
[pool-2-thread-1] WARN net.thucydides.core.images.ResizableImage - Could not find the dimensions of the screenshot for target\site\serenity\3e873b1b7b242aeb07f5e2d21a37fd147929f9869253fa8a3429edb9c6eaa834.png
[pool-2-thread-1] WARN net.thucydides.core.images.ResizableImage - Could not find the dimensions of the screenshot for target\site\serenity\3e873b1b7b242aeb07f5e2d21a37fd147929f9869253fa8a3429edb9c6eaa834.png
[pool-2-thread-1] WARN net.thucydides.core.images.ResizableImage - Could not find the dimensions of the screenshot for target\site\serenity\3e873b1b7b242aeb07f5e2d21a37fd147929f9869253fa8a3429edb9c6eaa834.png
[pool-2-thread-1] WARN net.thucydides.core.images.ResizableImage - Could not find the dimensions of the screenshot for target\site\serenity\3e873b1b7b242aeb07f5e2d21a37fd147929f9869253fa8a3429edb9c6eaa834.png
[pool-2-thread-1] WARN net.thucydides.core.images.ResizableImage - Could not find the dimensions of the screenshot for target\site\serenity\3e873b1b7b242aeb07f5e2d21a37fd147929f9869253fa8a3429edb9c6eaa834.png
[pool-2-thread-1] WARN net.thucydides.core.images.ResizableImage - Could not find the dimensions of the screenshot for target\site\serenity\3e873b1b7b242aeb07f5e2d21a37fd147929f9869253fa8a3429edb9c6eaa834.png
[pool-2-thread-1] WARN net.thucydides.core.images.ResizableImage - Could not find the dimensions of the screenshot for target\site\serenity\3e873b1b7b242aeb07f5e2d21a37fd147929f9869253fa8a3429edb9c6eaa834.png
[pool-2-thread-1] WARN net.thucydides.core.images.ResizableImage - Could not find the dimensions of the screenshot for target\site\serenity\3e873b1b7b242aeb07f5e2d21a37fd147929f9869253fa8a3429edb9c6eaa834.png
[pool-2-thread-1] WARN net.thucydides.core.images.ResizableImage - Could not find the dimensions of the screenshot for target\site\serenity\3e873b1b7b242aeb07f5e2d21a37fd147929f9869253fa8a3429edb9c6eaa834.png
[pool-2-thread-1] WARN net.thucydides.core.images.ResizableImage - Could not find the dimensions of the screenshot for target\site\serenity\3e873b1b7b242aeb07f5e2d21a37fd147929f9869253fa8a3429edb9c6eaa834.png
[pool-2-thread-1] WARN net.thucydides.core.images.ResizableImage - Could not find the dimensions of the screenshot for target\site\serenity\3e873b1b7b242aeb07f5e2d21a37fd147929f9869253fa8a3429edb9c6eaa834.png
[pool-2-thread-1] WARN net.thucydides.core.images.ResizableImage - Could not find the dimensions of the screenshot for target\site\serenity\3e873b1b7b242aeb07f5e2d21a37fd147929f9869253fa8a3429edb9c6eaa834.png
[pool-2-thread-1] WARN net.thucydides.core.images.ResizableImage - Could not find the dimensions of the screenshot for target\site\serenity\3e873b1b7b242aeb07f5e2d21a37fd147929f9869253fa8a3429edb9c6eaa834.png
[pool-2-thread-1] WARN net.thucydides.core.images.ResizableImage - Could not find the dimensions of the screenshot for target\site\serenity\3e873b1b7b242aeb07f5e2d21a37fd147929f9869253fa8a3429edb9c6eaa834.png
[pool-2-thread-1] WARN net.thucydides.core.images.ResizableImage - Could not find the dimensions of the screenshot for target\site\serenity\3e873b1b7b242aeb07f5e2d21a37fd147929f9869253fa8a3429edb9c6eaa834.png
[pool-2-thread-1] WARN net.thucydides.core.images.ResizableImage - Could not find the dimensions of the screenshot for target\site\serenity\3e873b1b7b242aeb07f5e2d21a37fd147929f9869253fa8a3429edb9c6eaa834.png
[pool-2-thread-1] WARN net.thucydides.core.images.ResizableImage - Could not find the dimensions of the screenshot for target\site\serenity\3e873b1b7b242aeb07f5e2d21a37fd147929f9869253fa8a3429edb9c6eaa834.png
[pool-2-thread-1] WARN net.thucydides.core.images.ResizableImage - Could not find the dimensions of the screenshot for target\site\serenity\3e873b1b7b242aeb07f5e2d21a37fd147929f9869253fa8a3429edb9c6eaa834.png
[pool-2-thread-1] WARN net.thucydides.core.images.ResizableImage - Could not find the dimensions of the screenshot for target\site\serenity\3e873b1b7b242aeb07f5e2d21a37fd147929f9869253fa8a3429edb9c6eaa834.png
[pool-2-thread-1] WARN net.thucydides.core.images.ResizableImage - Could not find the dimensions of the screenshot for target\site\serenity\3e873b1b7b242aeb07f5e2d21a37fd147929f9869253fa8a3429edb9c6eaa834.png
[pool-2-thread-1] WARN net.thucydides.core.images.ResizableImage - Could not find the dimensions of the screenshot for target\site\serenity\3e873b1b7b242aeb07f5e2d21a37fd147929f9869253fa8a3429edb9c6eaa834.png
[pool-2-thread-1] WARN net.thucydides.core.images.ResizableImage - Could not find the dimensions of the screenshot for target\site\serenity\3e873b1b7b242aeb07f5e2d21a37fd147929f9869253fa8a3429edb9c6eaa834.png
[pool-2-thread-1] WARN net.thucydides.core.images.ResizableImage - Could not find the dimensions of the screenshot for target\site\serenity\3e873b1b7b242aeb07f5e2d21a37fd147929f9869253fa8a3429edb9c6eaa834.png
[pool-2-thread-1] WARN net.thucydides.core.images.ResizableImage - Could not find the dimensions of the screenshot for target\site\serenity\3e873b1b7b242aeb07f5e2d21a37fd147929f9869253fa8a3429edb9c6eaa834.png
[pool-2-thread-1] WARN net.thucydides.core.images.ResizableImage - Could not find the dimensions of the screenshot for target\site\serenity\3e873b1b7b242aeb07f5e2d21a37fd147929f9869253fa8a3429edb9c6eaa834.png
[pool-2-thread-1] WARN net.thucydides.core.images.ResizableImage - Could not find the dimensions of the screenshot for target\site\serenity\3e873b1b7b242aeb07f5e2d21a37fd147929f9869253fa8a3429edb9c6eaa834.png
[pool-2-thread-1] WARN net.thucydides.core.images.ResizableImage - Could not find the dimensions of the screenshot for target\site\serenity\3e873b1b7b242aeb07f5e2d21a37fd147929f9869253fa8a3429edb9c6eaa834.png
[pool-2-thread-1] WARN net.thucydides.core.images.ResizableImage - Could not find the dimensions of the screenshot for target\site\serenity\3e873b1b7b242aeb07f5e2d21a37fd147929f9869253fa8a3429edb9c6eaa834.png
[pool-2-thread-1] WARN net.thucydides.core.images.ResizableImage - Could not find the dimensions of the screenshot for target\site\serenity\3e873b1b7b242aeb07f5e2d21a37fd147929f9869253fa8a3429edb9c6eaa834.png
[pool-2-thread-1] WARN net.thucydides.core.images.ResizableImage - Could not find the dimensions of the screenshot for target\site\serenity\3e873b1b7b242aeb07f5e2d21a37fd147929f9869253fa8a3429edb9c6eaa834.png
[pool-2-thread-1] WARN net.thucydides.core.images.ResizableImage - Could not find the dimensions of the screenshot for target\site\serenity\3e873b1b7b242aeb07f5e2d21a37fd147929f9869253fa8a3429edb9c6eaa834.png
[pool-2-thread-1] WARN net.thucydides.core.images.ResizableImage - Could not find the dimensions of the screenshot for target\site\serenity\3e873b1b7b242aeb07f5e2d21a37fd147929f9869253fa8a3429edb9c6eaa834.png
[pool-2-thread-1] WARN net.thucydides.core.images.ResizableImage - Could not find the dimensions of the screenshot for target\site\serenity\3e873b1b7b242aeb07f5e2d21a37fd147929f9869253fa8a3429edb9c6eaa834.png
[pool-2-thread-1] WARN net.thucydides.core.images.ResizableImage - Could not find the dimensions of the screenshot for target\site\serenity\3e873b1b7b242aeb07f5e2d21a37fd147929f9869253fa8a3429edb9c6eaa834.png
[pool-2-thread-1] WARN net.thucydides.core.images.ResizableImage - Could not find the dimensions of the screenshot for target\site\serenity\3e873b1b7b242aeb07f5e2d21a37fd147929f9869253fa8a3429edb9c6eaa834.png
[pool-2-thread-1] WARN net.thucydides.core.images.ResizableImage - Could not find the dimensions of the screenshot for target\site\serenity\3e873b1b7b242aeb07f5e2d21a37fd147929f9869253fa8a3429edb9c6eaa834.png
[pool-2-thread-1] WARN net.thucydides.core.images.ResizableImage - Could not find the dimensions of the screenshot for target\site\serenity\3e873b1b7b242aeb07f5e2d21a37fd147929f9869253fa8a3429edb9c6eaa834.png
[pool-2-thread-1] WARN net.thucydides.core.images.ResizableImage - Could not find the dimensions of the screenshot for target\site\serenity\3e873b1b7b242aeb07f5e2d21a37fd147929f9869253fa8a3429edb9c6eaa834.png
[pool-2-thread-1] WARN net.thucydides.core.images.ResizableImage - Could not find the dimensions of the screenshot for target\site\serenity\3e873b1b7b242aeb07f5e2d21a37fd147929f9869253fa8a3429edb9c6eaa834.png
[pool-2-thread-1] WARN net.thucydides.core.images.ResizableImage - Could not find the dimensions of the screenshot for target\site\serenity\3e873b1b7b242aeb07f5e2d21a37fd147929f9869253fa8a3429edb9c6eaa834.png
[pool-2-thread-1] WARN net.thucydides.core.images.ResizableImage - Could not find the dimensions of the screenshot for target\site\serenity\3e873b1b7b242aeb07f5e2d21a37fd147929f9869253fa8a3429edb9c6eaa834.png
[pool-2-thread-1] WARN net.thucydides.core.images.ResizableImage - Could not find the dimensions of the screenshot for target\site\serenity\3e873b1b7b242aeb07f5e2d21a37fd147929f9869253fa8a3429edb9c6eaa834.png
[pool-2-thread-1] WARN net.thucydides.core.images.ResizableImage - Could not find the dimensions of the screenshot for target\site\serenity\3e873b1b7b242aeb07f5e2d21a37fd147929f9869253fa8a3429edb9c6eaa834.png
[pool-2-thread-1] WARN net.thucydides.core.images.ResizableImage - Could not find the dimensions of the screenshot for target\site\serenity\3e873b1b7b242aeb07f5e2d21a37fd147929f9869253fa8a3429edb9c6eaa834.png
]]></system-err>
</testsuite>
