<?xml version="1.0" encoding="UTF-8"?>
<testsuite name="co.konecta.linde.certificate.runners.ReportePetroleoRunner" tests="0" skipped="0" failures="0" errors="0" timestamp="1970-01-01T00:00:00" hostname="SSMED5CG1100JY9" time="0.0">
  <properties/>
  <system-out><![CDATA[
Failed scenarios:
src/test/resources/features/reportepetroleo.feature:15 # Descargar reporte de petroleo

1 Scenarios (1 failed)
7 Steps (1 failed, 2 skipped, 1 undefined, 3 passed)
0m35,121s

net.thucydides.core.webdriver.exceptions.ElementShouldBeEnabledException: Expected enabled element was not enabled
	at net.serenitybdd.core.pages.WebElementFacadeImpl.waitUntilEnabled(WebElementFacadeImpl.java:1145)
	at net.serenitybdd.core.pages.WebElementFacadeImpl.waitUntilElementAvailable(WebElementFacadeImpl.java:950)
	at net.serenitybdd.core.pages.WebElementFacadeImpl.click(WebElementFacadeImpl.java:1225)
	at net.serenitybdd.screenplay.actions.ClickOnTarget.performAs(ClickOnTarget.java:13)
	at net.serenitybdd.screenplay.actions.ClickOnTarget$$EnhancerByCGLIB$$e3f2ec6d.CGLIB$performAs$0(<generated>)
	at net.serenitybdd.screenplay.actions.ClickOnTarget$$EnhancerByCGLIB$$e3f2ec6d$$FastClassByCGLIB$$eb009f51.invoke(<generated>)
	at net.sf.cglib.proxy.MethodProxy.invokeSuper(MethodProxy.java:228)
	at net.thucydides.core.steps.StepInterceptor.invokeMethod(StepInterceptor.java:478)
	at net.thucydides.core.steps.StepInterceptor.executeTestStepMethod(StepInterceptor.java:463)
	at net.thucydides.core.steps.StepInterceptor.runTestStep(StepInterceptor.java:438)
	at net.thucydides.core.steps.StepInterceptor.runOrSkipMethod(StepInterceptor.java:179)
	at net.thucydides.core.steps.StepInterceptor.testStepResult(StepInterceptor.java:166)
	at net.thucydides.core.steps.StepInterceptor.intercept(StepInterceptor.java:72)
	at net.serenitybdd.screenplay.actions.ClickOnTarget$$EnhancerByCGLIB$$e3f2ec6d.performAs(<generated>)
	at net.serenitybdd.screenplay.Actor.performTask(Actor.java:232)
	at net.serenitybdd.screenplay.Actor.perform(Actor.java:213)
	at net.serenitybdd.screenplay.Actor.attemptsTo(Actor.java:170)
	at co.konecta.linde.certificate.stepsdefinitions.ReportePetroleoStepsDefinitions.seleccionaOpcionActualidad(ReportePetroleoStepsDefinitions.java:55)
	at ?.Se selecciona la opcion actualidad economica(src/test/resources/features/reportepetroleo.feature:8)
Caused by: org.openqa.selenium.TimeoutException: Expected condition failed: waiting for By.xpath: //*[@id="bs-example-navbar-collapse-1"]/ul/li[2]/a to be enabled (tried for 5 second(s) with 100 milliseconds interval)
	at org.openqa.selenium.support.ui.FluentWait.timeoutException(FluentWait.java:304)
	at org.openqa.selenium.support.ui.FluentWait.until(FluentWait.java:272)
	at net.serenitybdd.core.pages.WebElementFacadeImpl.waitUntilEnabled(WebElementFacadeImpl.java:1142)
	at net.serenitybdd.core.pages.WebElementFacadeImpl.waitUntilElementAvailable(WebElementFacadeImpl.java:950)
	at net.serenitybdd.core.pages.WebElementFacadeImpl.click(WebElementFacadeImpl.java:1225)
	at net.serenitybdd.screenplay.actions.ClickOnTarget.performAs(ClickOnTarget.java:13)
	at net.serenitybdd.screenplay.actions.ClickOnTarget$$EnhancerByCGLIB$$e3f2ec6d.CGLIB$performAs$0(<generated>)
	at net.serenitybdd.screenplay.actions.ClickOnTarget$$EnhancerByCGLIB$$e3f2ec6d$$FastClassByCGLIB$$eb009f51.invoke(<generated>)
	at net.sf.cglib.proxy.MethodProxy.invokeSuper(MethodProxy.java:228)
	at net.thucydides.core.steps.StepInterceptor.invokeMethod(StepInterceptor.java:478)
	at net.thucydides.core.steps.StepInterceptor.executeTestStepMethod(StepInterceptor.java:463)
	at net.thucydides.core.steps.StepInterceptor.runTestStep(StepInterceptor.java:438)
	at net.thucydides.core.steps.StepInterceptor.runOrSkipMethod(StepInterceptor.java:179)
	at net.thucydides.core.steps.StepInterceptor.testStepResult(StepInterceptor.java:166)
	at net.thucydides.core.steps.StepInterceptor.intercept(StepInterceptor.java:72)
	at net.serenitybdd.screenplay.actions.ClickOnTarget$$EnhancerByCGLIB$$e3f2ec6d.performAs(<generated>)
	at net.serenitybdd.screenplay.Actor.performTask(Actor.java:232)
	at net.serenitybdd.screenplay.Actor.perform(Actor.java:213)
	at net.serenitybdd.screenplay.Actor.attemptsTo(Actor.java:170)
	at co.konecta.linde.certificate.stepsdefinitions.ReportePetroleoStepsDefinitions.seleccionaOpcionActualidad(ReportePetroleoStepsDefinitions.java:55)
	at sun.reflect.NativeMethodAccessorImpl.invoke0(Native Method)
	at sun.reflect.NativeMethodAccessorImpl.invoke(NativeMethodAccessorImpl.java:62)
	at sun.reflect.DelegatingMethodAccessorImpl.invoke(DelegatingMethodAccessorImpl.java:43)
	at java.lang.reflect.Method.invoke(Method.java:498)
	at cucumber.runtime.Utils$1.call(Utils.java:31)
	at cucumber.runtime.Timeout.timeout(Timeout.java:16)
	at cucumber.runtime.Utils.invoke(Utils.java:25)
	at cucumber.runtime.java.JavaStepDefinition.execute(JavaStepDefinition.java:37)
	at cucumber.runtime.StepDefinitionMatch.runStep(StepDefinitionMatch.java:40)
	at cucumber.api.TestStep.executeStep(TestStep.java:102)
	at cucumber.api.TestStep.run(TestStep.java:83)
	at cucumber.api.TestCase.run(TestCase.java:58)
	at cucumber.runner.Runner.runPickle(Runner.java:80)
	at cucumber.runtime.junit.PickleRunners$NoStepDescriptions.run(PickleRunners.java:140)
	at cucumber.runtime.junit.FeatureRunner.runChild(FeatureRunner.java:68)
	at cucumber.runtime.junit.FeatureRunner.runChild(FeatureRunner.java:23)
	at org.junit.runners.ParentRunner$3.run(ParentRunner.java:290)
	at org.junit.runners.ParentRunner$1.schedule(ParentRunner.java:71)
	at org.junit.runners.ParentRunner.runChildren(ParentRunner.java:288)
	at org.junit.runners.ParentRunner.access$000(ParentRunner.java:58)
	at org.junit.runners.ParentRunner$2.evaluate(ParentRunner.java:268)
	at org.junit.runners.ParentRunner.run(ParentRunner.java:363)
	at cucumber.runtime.junit.FeatureRunner.run(FeatureRunner.java:73)
	at cucumber.api.junit.Cucumber.runChild(Cucumber.java:117)
	at cucumber.api.junit.Cucumber.runChild(Cucumber.java:55)
	at org.junit.runners.ParentRunner$3.run(ParentRunner.java:290)
	at org.junit.runners.ParentRunner$1.schedule(ParentRunner.java:71)
	at org.junit.runners.ParentRunner.runChildren(ParentRunner.java:288)
	at org.junit.runners.ParentRunner.access$000(ParentRunner.java:58)
	at org.junit.runners.ParentRunner$2.evaluate(ParentRunner.java:268)
	at cucumber.api.junit.Cucumber$1.evaluate(Cucumber.java:126)
	at org.junit.runners.ParentRunner.run(ParentRunner.java:363)
	at org.gradle.api.internal.tasks.testing.junit.JUnitTestClassExecutor.runTestClass(JUnitTestClassExecutor.java:110)
	at org.gradle.api.internal.tasks.testing.junit.JUnitTestClassExecutor.execute(JUnitTestClassExecutor.java:58)
	at org.gradle.api.internal.tasks.testing.junit.JUnitTestClassExecutor.execute(JUnitTestClassExecutor.java:38)
	at org.gradle.api.internal.tasks.testing.junit.AbstractJUnitTestClassProcessor.processTestClass(AbstractJUnitTestClassProcessor.java:62)
	at org.gradle.api.internal.tasks.testing.SuiteTestClassProcessor.processTestClass(SuiteTestClassProcessor.java:51)
	at sun.reflect.NativeMethodAccessorImpl.invoke0(Native Method)
	at sun.reflect.NativeMethodAccessorImpl.invoke(NativeMethodAccessorImpl.java:62)
	at sun.reflect.DelegatingMethodAccessorImpl.invoke(DelegatingMethodAccessorImpl.java:43)
	at java.lang.reflect.Method.invoke(Method.java:498)
	at org.gradle.internal.dispatch.ReflectionDispatch.dispatch(ReflectionDispatch.java:36)
	at org.gradle.internal.dispatch.ReflectionDispatch.dispatch(ReflectionDispatch.java:24)
	at org.gradle.internal.dispatch.ContextClassLoaderDispatch.dispatch(ContextClassLoaderDispatch.java:33)
	at org.gradle.internal.dispatch.ProxyDispatchAdapter$DispatchingInvocationHandler.invoke(ProxyDispatchAdapter.java:94)
	at com.sun.proxy.$Proxy2.processTestClass(Unknown Source)
	at org.gradle.api.internal.tasks.testing.worker.TestWorker.processTestClass(TestWorker.java:119)
	at sun.reflect.NativeMethodAccessorImpl.invoke0(Native Method)
	at sun.reflect.NativeMethodAccessorImpl.invoke(NativeMethodAccessorImpl.java:62)
	at sun.reflect.DelegatingMethodAccessorImpl.invoke(DelegatingMethodAccessorImpl.java:43)
	at java.lang.reflect.Method.invoke(Method.java:498)
	at org.gradle.internal.dispatch.ReflectionDispatch.dispatch(ReflectionDispatch.java:36)
	at org.gradle.internal.dispatch.ReflectionDispatch.dispatch(ReflectionDispatch.java:24)
	at org.gradle.internal.remote.internal.hub.MessageHubBackedObjectConnection$DispatchWrapper.dispatch(MessageHubBackedObjectConnection.java:182)
	at org.gradle.internal.remote.internal.hub.MessageHubBackedObjectConnection$DispatchWrapper.dispatch(MessageHubBackedObjectConnection.java:164)
	at org.gradle.internal.remote.internal.hub.MessageHub$Handler.run(MessageHub.java:414)
	at org.gradle.internal.concurrent.ExecutorPolicy$CatchAndRecordFailures.onExecute(ExecutorPolicy.java:64)
	at org.gradle.internal.concurrent.ManagedExecutorImpl$1.run(ManagedExecutorImpl.java:48)
	at java.util.concurrent.ThreadPoolExecutor.runWorker(ThreadPoolExecutor.java:1149)
	at java.util.concurrent.ThreadPoolExecutor$Worker.run(ThreadPoolExecutor.java:624)
	at org.gradle.internal.concurrent.ThreadFactoryImpl$ManagedThreadRunnable.run(ThreadFactoryImpl.java:56)
	at java.lang.Thread.run(Thread.java:748)
Caused by: org.openqa.selenium.NoSuchElementException: no such element: Unable to locate element: {"method":"xpath","selector":"//*[@id="bs-example-navbar-collapse-1"]/ul/li[2]/a"}
  (Session info: chrome=101.0.4951.67)
For documentation on this error, please visit: https://www.seleniumhq.org/exceptions/no_such_element.html
Build info: version: '3.141.59', revision: 'e82be7d358', time: '2018-11-14T08:17:03'
System info: host: 'SSMED5CG1100JY9', ip: '192.168.1.7', os.name: 'Windows 10', os.arch: 'amd64', os.version: '10.0', java.version: '1.8.0_251'
Driver info: org.openqa.selenium.chrome.ChromeDriver
Capabilities {acceptInsecureCerts: false, browserName: chrome, browserVersion: 101.0.4951.67, chrome: {chromedriverVersion: 101.0.4951.41 (93c720db8323..., userDataDir: C:\Users\YAIRA~1.ACE\AppDat...}, goog:chromeOptions: {debuggerAddress: localhost:55440}, javascriptEnabled: true, networkConnectionEnabled: false, pageLoadStrategy: normal, platform: WINDOWS, platformName: WINDOWS, proxy: Proxy(), setWindowRect: true, strictFileInteractability: false, timeouts: {implicit: 0, pageLoad: 300000, script: 30000}, unhandledPromptBehavior: dismiss and notify, webauthn:extension:credBlob: true, webauthn:extension:largeBlob: true, webauthn:virtualAuthenticators: true}
Session ID: 73c5b61a82bf028db55590944ac1187c
*** Element info: {Using=xpath, value=//*[@id="bs-example-navbar-collapse-1"]/ul/li[2]/a}
	at sun.reflect.NativeConstructorAccessorImpl.newInstance0(Native Method)
	at sun.reflect.NativeConstructorAccessorImpl.newInstance(NativeConstructorAccessorImpl.java:62)
	at sun.reflect.DelegatingConstructorAccessorImpl.newInstance(DelegatingConstructorAccessorImpl.java:45)
	at java.lang.reflect.Constructor.newInstance(Constructor.java:423)
	at org.openqa.selenium.remote.http.W3CHttpResponseCodec.createException(W3CHttpResponseCodec.java:187)
	at org.openqa.selenium.remote.http.W3CHttpResponseCodec.decode(W3CHttpResponseCodec.java:122)
	at org.openqa.selenium.remote.http.W3CHttpResponseCodec.decode(W3CHttpResponseCodec.java:49)
	at org.openqa.selenium.remote.HttpCommandExecutor.execute(HttpCommandExecutor.java:158)
	at org.openqa.selenium.remote.service.DriverCommandExecutor.execute(DriverCommandExecutor.java:83)
	at org.openqa.selenium.remote.RemoteWebDriver.execute(RemoteWebDriver.java:552)
	at org.openqa.selenium.remote.RemoteWebDriver.findElement(RemoteWebDriver.java:323)
	at org.openqa.selenium.remote.RemoteWebDriver.findElementByXPath(RemoteWebDriver.java:428)
	at org.openqa.selenium.By$ByXPath.findElement(By.java:353)
	at org.openqa.selenium.remote.RemoteWebDriver.findElement(RemoteWebDriver.java:315)
	at net.thucydides.core.webdriver.WebDriverFacade.findElement(WebDriverFacade.java:222)
	at net.serenitybdd.core.pages.WebElementResolverByLocator.resolveForDriver(WebElementResolverByLocator.java:18)
	at net.serenitybdd.core.pages.WebElementFacadeImpl.getElement(WebElementFacadeImpl.java:217)
	at net.serenitybdd.core.pages.WebElementExpectations$3.apply(WebElementExpectations.java:63)
	at net.serenitybdd.core.pages.WebElementExpectations$3.apply(WebElementExpectations.java:55)
	at org.openqa.selenium.support.ui.FluentWait.until(FluentWait.java:249)
	... 80 more


You can implement missing steps with the snippets below:

@Then("^El usuario debe ver el reporte descargado con mensaja Presentación de PowerPoint$")
public void elUsuarioDebeVerElReporteDescargadoConMensajaPresentaciónDePowerPoint() throws Exception {
    // Write code here that turns the phrase above into concrete actions
    throw new PendingException();
}


]]></system-out>
  <system-err><![CDATA[[Test worker] INFO net.thucydides.core.steps.ConsoleLoggingListener - 

-------------------------------------------------------------------------------------
     _______. _______ .______       _______ .__   __.  __  .___________.____    ____ 
    /       ||   ____||   _  \     |   ____||  \ |  | |  | |           |\   \  /   / 
   |   (----`|  |__   |  |_)  |    |  |__   |   \|  | |  | `---|  |----` \   \/   /  
    \   \    |   __|  |      /     |   __|  |  . `  | |  |     |  |       \_    _/   
.----)   |   |  |____ |  |\  \----.|  |____ |  |\   | |  |     |  |         |  |     
|_______/    |_______|| _| `._____||_______||__| \__| |__|     |__|         |__|    
                                                                                     
 News and tutorials at http://www.serenity-bdd.info                                  
 Documentation at https://wakaleo.gitbooks.io/the-serenity-book/content/             
 Join the Serenity Community on Rocket Chat at https://serenity-bdd.rocket.chat      
 Serenity BDD Support and Training at http://serenity-bdd.info/#/trainingandsupport  
 Learn Serenity BDD online at http://serenity-dojo.com                               
-------------------------------------------------------------------------------------

[Test worker] INFO net.thucydides.core.steps.ConsoleLoggingListener - Test Suite Started: Reporte petroleo
[Test worker] INFO net.thucydides.core.steps.ConsoleLoggingListener - 
 _____ _____ ____ _____   ____ _____  _    ____ _____ _____ ____  
|_   _| ____/ ___|_   _| / ___|_   _|/ \  |  _ \_   _| ____|  _ \ 
  | | |  _| \___ \ | |   \___ \ | | / _ \ | |_) || | |  _| | | | |
  | | | |___ ___) || |    ___) || |/ ___ \|  _ < | | | |___| |_| |
  |_| |_____|____/ |_|   |____/ |_/_/   \_\_| \_\|_| |_____|____/ 
                                                                  

TEST STARTED: Descargar reporte de petroleo
-------------------------------------------------------------------(reporte-petroleo;descargar-reporte-de-petroleo)
[Test worker] ERROR net.thucydides.core.steps.ConsoleLoggingListener - 
           __  _____ _____ ____ _____   _____ _    ___ _     _____ ____  
  _       / / |_   _| ____/ ___|_   _| |  ___/ \  |_ _| |   | ____|  _ \ 
 (_)_____| |    | | |  _| \___ \ | |   | |_ / _ \  | || |   |  _| | | | |
  _|_____| |    | | | |___ ___) || |   |  _/ ___ \ | || |___| |___| |_| |
 (_)     | |    |_| |_____|____/ |_|   |_|/_/   \_\___|_____|_____|____/ 
          \_\                                                            

TEST FAILED: Descargar reporte de petroleo
--------------------------------------------------------------------------
[Test worker] ERROR net.thucydides.core.steps.ConsoleLoggingListener - TEST FAILED AT STEP Usuario clicks on Este es el boton para actualidad economica
[Test worker] ERROR net.thucydides.core.steps.ConsoleLoggingListener - Expected enabled element was not enabledBuild info: version: '3.141.59', revision: 'e82be7d358', time: '2018-11-14T08:17:03'System info: host: 'SSMED5CG1100JY9', ip: '192.168.1.7', os.name: 'Windows 10', os.arch: 'amd64', os.version: '10.0', java.version: '1.8.0_251'Driver info: driver.version: unknown
[pool-4-thread-1] WARN net.thucydides.core.images.ResizableImage - Could not find the dimensions of the screenshot for target\site\serenity\3e873b1b7b242aeb07f5e2d21a37fd147929f9869253fa8a3429edb9c6eaa834.png
[pool-4-thread-1] WARN net.thucydides.core.images.ResizableImage - Could not find the dimensions of the screenshot for target\site\serenity\3e873b1b7b242aeb07f5e2d21a37fd147929f9869253fa8a3429edb9c6eaa834.png
[pool-4-thread-1] WARN net.thucydides.core.images.ResizableImage - Could not find the dimensions of the screenshot for target\site\serenity\3e873b1b7b242aeb07f5e2d21a37fd147929f9869253fa8a3429edb9c6eaa834.png
[pool-4-thread-1] WARN net.thucydides.core.images.ResizableImage - Could not find the dimensions of the screenshot for target\site\serenity\3e873b1b7b242aeb07f5e2d21a37fd147929f9869253fa8a3429edb9c6eaa834.png
[pool-4-thread-1] WARN net.thucydides.core.images.ResizableImage - Could not find the dimensions of the screenshot for target\site\serenity\3e873b1b7b242aeb07f5e2d21a37fd147929f9869253fa8a3429edb9c6eaa834.png
[pool-4-thread-1] WARN net.thucydides.core.images.ResizableImage - Could not find the dimensions of the screenshot for target\site\serenity\3e873b1b7b242aeb07f5e2d21a37fd147929f9869253fa8a3429edb9c6eaa834.png
[pool-4-thread-1] WARN net.thucydides.core.images.ResizableImage - Could not find the dimensions of the screenshot for target\site\serenity\3e873b1b7b242aeb07f5e2d21a37fd147929f9869253fa8a3429edb9c6eaa834.png
[pool-4-thread-1] WARN net.thucydides.core.images.ResizableImage - Could not find the dimensions of the screenshot for target\site\serenity\3e873b1b7b242aeb07f5e2d21a37fd147929f9869253fa8a3429edb9c6eaa834.png
[pool-4-thread-1] WARN net.thucydides.core.images.ResizableImage - Could not find the dimensions of the screenshot for target\site\serenity\3e873b1b7b242aeb07f5e2d21a37fd147929f9869253fa8a3429edb9c6eaa834.png
[pool-4-thread-1] WARN net.thucydides.core.images.ResizableImage - Could not find the dimensions of the screenshot for target\site\serenity\3e873b1b7b242aeb07f5e2d21a37fd147929f9869253fa8a3429edb9c6eaa834.png
[pool-4-thread-1] WARN net.thucydides.core.images.ResizableImage - Could not find the dimensions of the screenshot for target\site\serenity\3e873b1b7b242aeb07f5e2d21a37fd147929f9869253fa8a3429edb9c6eaa834.png
[pool-4-thread-1] WARN net.thucydides.core.images.ResizableImage - Could not find the dimensions of the screenshot for target\site\serenity\3e873b1b7b242aeb07f5e2d21a37fd147929f9869253fa8a3429edb9c6eaa834.png
[pool-4-thread-1] WARN net.thucydides.core.images.ResizableImage - Could not find the dimensions of the screenshot for target\site\serenity\3e873b1b7b242aeb07f5e2d21a37fd147929f9869253fa8a3429edb9c6eaa834.png
[pool-4-thread-1] WARN net.thucydides.core.images.ResizableImage - Could not find the dimensions of the screenshot for target\site\serenity\3e873b1b7b242aeb07f5e2d21a37fd147929f9869253fa8a3429edb9c6eaa834.png
[pool-4-thread-1] WARN net.thucydides.core.images.ResizableImage - Could not find the dimensions of the screenshot for target\site\serenity\3e873b1b7b242aeb07f5e2d21a37fd147929f9869253fa8a3429edb9c6eaa834.png
[pool-4-thread-1] WARN net.thucydides.core.images.ResizableImage - Could not find the dimensions of the screenshot for target\site\serenity\3e873b1b7b242aeb07f5e2d21a37fd147929f9869253fa8a3429edb9c6eaa834.png
[pool-4-thread-1] WARN net.thucydides.core.images.ResizableImage - Could not find the dimensions of the screenshot for target\site\serenity\3e873b1b7b242aeb07f5e2d21a37fd147929f9869253fa8a3429edb9c6eaa834.png
[pool-4-thread-1] WARN net.thucydides.core.images.ResizableImage - Could not find the dimensions of the screenshot for target\site\serenity\3e873b1b7b242aeb07f5e2d21a37fd147929f9869253fa8a3429edb9c6eaa834.png
[pool-4-thread-1] WARN net.thucydides.core.images.ResizableImage - Could not find the dimensions of the screenshot for target\site\serenity\3e873b1b7b242aeb07f5e2d21a37fd147929f9869253fa8a3429edb9c6eaa834.png
[pool-4-thread-1] WARN net.thucydides.core.images.ResizableImage - Could not find the dimensions of the screenshot for target\site\serenity\3e873b1b7b242aeb07f5e2d21a37fd147929f9869253fa8a3429edb9c6eaa834.png
[pool-4-thread-1] WARN net.thucydides.core.images.ResizableImage - Could not find the dimensions of the screenshot for target\site\serenity\3e873b1b7b242aeb07f5e2d21a37fd147929f9869253fa8a3429edb9c6eaa834.png
[pool-4-thread-1] WARN net.thucydides.core.images.ResizableImage - Could not find the dimensions of the screenshot for target\site\serenity\3e873b1b7b242aeb07f5e2d21a37fd147929f9869253fa8a3429edb9c6eaa834.png
[pool-4-thread-1] WARN net.thucydides.core.images.ResizableImage - Could not find the dimensions of the screenshot for target\site\serenity\3e873b1b7b242aeb07f5e2d21a37fd147929f9869253fa8a3429edb9c6eaa834.png
[pool-4-thread-1] WARN net.thucydides.core.images.ResizableImage - Could not find the dimensions of the screenshot for target\site\serenity\3e873b1b7b242aeb07f5e2d21a37fd147929f9869253fa8a3429edb9c6eaa834.png
[pool-4-thread-1] WARN net.thucydides.core.images.ResizableImage - Could not find the dimensions of the screenshot for target\site\serenity\3e873b1b7b242aeb07f5e2d21a37fd147929f9869253fa8a3429edb9c6eaa834.png
[pool-4-thread-1] WARN net.thucydides.core.images.ResizableImage - Could not find the dimensions of the screenshot for target\site\serenity\3e873b1b7b242aeb07f5e2d21a37fd147929f9869253fa8a3429edb9c6eaa834.png
[pool-4-thread-1] WARN net.thucydides.core.images.ResizableImage - Could not find the dimensions of the screenshot for target\site\serenity\3e873b1b7b242aeb07f5e2d21a37fd147929f9869253fa8a3429edb9c6eaa834.png
[pool-4-thread-1] WARN net.thucydides.core.images.ResizableImage - Could not find the dimensions of the screenshot for target\site\serenity\3e873b1b7b242aeb07f5e2d21a37fd147929f9869253fa8a3429edb9c6eaa834.png
[pool-4-thread-1] WARN net.thucydides.core.images.ResizableImage - Could not find the dimensions of the screenshot for target\site\serenity\3e873b1b7b242aeb07f5e2d21a37fd147929f9869253fa8a3429edb9c6eaa834.png
[pool-4-thread-1] WARN net.thucydides.core.images.ResizableImage - Could not find the dimensions of the screenshot for target\site\serenity\3e873b1b7b242aeb07f5e2d21a37fd147929f9869253fa8a3429edb9c6eaa834.png
[pool-4-thread-1] WARN net.thucydides.core.images.ResizableImage - Could not find the dimensions of the screenshot for target\site\serenity\3e873b1b7b242aeb07f5e2d21a37fd147929f9869253fa8a3429edb9c6eaa834.png
[pool-4-thread-1] WARN net.thucydides.core.images.ResizableImage - Could not find the dimensions of the screenshot for target\site\serenity\3e873b1b7b242aeb07f5e2d21a37fd147929f9869253fa8a3429edb9c6eaa834.png
[pool-4-thread-1] WARN net.thucydides.core.images.ResizableImage - Could not find the dimensions of the screenshot for target\site\serenity\3e873b1b7b242aeb07f5e2d21a37fd147929f9869253fa8a3429edb9c6eaa834.png
[pool-4-thread-1] WARN net.thucydides.core.images.ResizableImage - Could not find the dimensions of the screenshot for target\site\serenity\3e873b1b7b242aeb07f5e2d21a37fd147929f9869253fa8a3429edb9c6eaa834.png
[pool-4-thread-1] WARN net.thucydides.core.images.ResizableImage - Could not find the dimensions of the screenshot for target\site\serenity\3e873b1b7b242aeb07f5e2d21a37fd147929f9869253fa8a3429edb9c6eaa834.png
[pool-4-thread-1] WARN net.thucydides.core.images.ResizableImage - Could not find the dimensions of the screenshot for target\site\serenity\3e873b1b7b242aeb07f5e2d21a37fd147929f9869253fa8a3429edb9c6eaa834.png
[pool-4-thread-1] WARN net.thucydides.core.images.ResizableImage - Could not find the dimensions of the screenshot for target\site\serenity\3e873b1b7b242aeb07f5e2d21a37fd147929f9869253fa8a3429edb9c6eaa834.png
[pool-4-thread-1] WARN net.thucydides.core.images.ResizableImage - Could not find the dimensions of the screenshot for target\site\serenity\3e873b1b7b242aeb07f5e2d21a37fd147929f9869253fa8a3429edb9c6eaa834.png
[pool-4-thread-1] WARN net.thucydides.core.images.ResizableImage - Could not find the dimensions of the screenshot for target\site\serenity\3e873b1b7b242aeb07f5e2d21a37fd147929f9869253fa8a3429edb9c6eaa834.png
[pool-4-thread-1] WARN net.thucydides.core.images.ResizableImage - Could not find the dimensions of the screenshot for target\site\serenity\3e873b1b7b242aeb07f5e2d21a37fd147929f9869253fa8a3429edb9c6eaa834.png
[pool-4-thread-1] WARN net.thucydides.core.images.ResizableImage - Could not find the dimensions of the screenshot for target\site\serenity\3e873b1b7b242aeb07f5e2d21a37fd147929f9869253fa8a3429edb9c6eaa834.png
[pool-4-thread-1] WARN net.thucydides.core.images.ResizableImage - Could not find the dimensions of the screenshot for target\site\serenity\3e873b1b7b242aeb07f5e2d21a37fd147929f9869253fa8a3429edb9c6eaa834.png
[pool-4-thread-1] WARN net.thucydides.core.images.ResizableImage - Could not find the dimensions of the screenshot for target\site\serenity\3e873b1b7b242aeb07f5e2d21a37fd147929f9869253fa8a3429edb9c6eaa834.png
[pool-4-thread-1] WARN net.thucydides.core.images.ResizableImage - Could not find the dimensions of the screenshot for target\site\serenity\3e873b1b7b242aeb07f5e2d21a37fd147929f9869253fa8a3429edb9c6eaa834.png
[pool-4-thread-1] WARN net.thucydides.core.images.ResizableImage - Could not find the dimensions of the screenshot for target\site\serenity\3e873b1b7b242aeb07f5e2d21a37fd147929f9869253fa8a3429edb9c6eaa834.png
[pool-4-thread-1] WARN net.thucydides.core.images.ResizableImage - Could not find the dimensions of the screenshot for target\site\serenity\3e873b1b7b242aeb07f5e2d21a37fd147929f9869253fa8a3429edb9c6eaa834.png
[pool-4-thread-1] WARN net.thucydides.core.images.ResizableImage - Could not find the dimensions of the screenshot for target\site\serenity\3e873b1b7b242aeb07f5e2d21a37fd147929f9869253fa8a3429edb9c6eaa834.png
[pool-4-thread-1] WARN net.thucydides.core.images.ResizableImage - Could not find the dimensions of the screenshot for target\site\serenity\3e873b1b7b242aeb07f5e2d21a37fd147929f9869253fa8a3429edb9c6eaa834.png
[pool-4-thread-1] WARN net.thucydides.core.images.ResizableImage - Could not find the dimensions of the screenshot for target\site\serenity\3e873b1b7b242aeb07f5e2d21a37fd147929f9869253fa8a3429edb9c6eaa834.png
[pool-4-thread-1] WARN net.thucydides.core.images.ResizableImage - Could not find the dimensions of the screenshot for target\site\serenity\3e873b1b7b242aeb07f5e2d21a37fd147929f9869253fa8a3429edb9c6eaa834.png
[pool-4-thread-1] WARN net.thucydides.core.images.ResizableImage - Could not find the dimensions of the screenshot for target\site\serenity\3e873b1b7b242aeb07f5e2d21a37fd147929f9869253fa8a3429edb9c6eaa834.png
[pool-4-thread-1] WARN net.thucydides.core.images.ResizableImage - Could not find the dimensions of the screenshot for target\site\serenity\3e873b1b7b242aeb07f5e2d21a37fd147929f9869253fa8a3429edb9c6eaa834.png
[pool-4-thread-1] WARN net.thucydides.core.images.ResizableImage - Could not find the dimensions of the screenshot for target\site\serenity\3e873b1b7b242aeb07f5e2d21a37fd147929f9869253fa8a3429edb9c6eaa834.png
[pool-4-thread-1] WARN net.thucydides.core.images.ResizableImage - Could not find the dimensions of the screenshot for target\site\serenity\3e873b1b7b242aeb07f5e2d21a37fd147929f9869253fa8a3429edb9c6eaa834.png
[pool-4-thread-1] WARN net.thucydides.core.images.ResizableImage - Could not find the dimensions of the screenshot for target\site\serenity\3e873b1b7b242aeb07f5e2d21a37fd147929f9869253fa8a3429edb9c6eaa834.png
[pool-4-thread-1] WARN net.thucydides.core.images.ResizableImage - Could not find the dimensions of the screenshot for target\site\serenity\3e873b1b7b242aeb07f5e2d21a37fd147929f9869253fa8a3429edb9c6eaa834.png
[pool-4-thread-1] WARN net.thucydides.core.images.ResizableImage - Could not find the dimensions of the screenshot for target\site\serenity\3e873b1b7b242aeb07f5e2d21a37fd147929f9869253fa8a3429edb9c6eaa834.png
[pool-4-thread-1] WARN net.thucydides.core.images.ResizableImage - Could not find the dimensions of the screenshot for target\site\serenity\3e873b1b7b242aeb07f5e2d21a37fd147929f9869253fa8a3429edb9c6eaa834.png
[pool-4-thread-1] WARN net.thucydides.core.images.ResizableImage - Could not find the dimensions of the screenshot for target\site\serenity\3e873b1b7b242aeb07f5e2d21a37fd147929f9869253fa8a3429edb9c6eaa834.png
[pool-4-thread-1] WARN net.thucydides.core.images.ResizableImage - Could not find the dimensions of the screenshot for target\site\serenity\3e873b1b7b242aeb07f5e2d21a37fd147929f9869253fa8a3429edb9c6eaa834.png
[pool-4-thread-1] WARN net.thucydides.core.images.ResizableImage - Could not find the dimensions of the screenshot for target\site\serenity\3e873b1b7b242aeb07f5e2d21a37fd147929f9869253fa8a3429edb9c6eaa834.png
[pool-4-thread-1] WARN net.thucydides.core.images.ResizableImage - Could not find the dimensions of the screenshot for target\site\serenity\3e873b1b7b242aeb07f5e2d21a37fd147929f9869253fa8a3429edb9c6eaa834.png
[pool-4-thread-1] WARN net.thucydides.core.images.ResizableImage - Could not find the dimensions of the screenshot for target\site\serenity\3e873b1b7b242aeb07f5e2d21a37fd147929f9869253fa8a3429edb9c6eaa834.png
[pool-4-thread-1] WARN net.thucydides.core.images.ResizableImage - Could not find the dimensions of the screenshot for target\site\serenity\3e873b1b7b242aeb07f5e2d21a37fd147929f9869253fa8a3429edb9c6eaa834.png
[pool-4-thread-1] WARN net.thucydides.core.images.ResizableImage - Could not find the dimensions of the screenshot for target\site\serenity\3e873b1b7b242aeb07f5e2d21a37fd147929f9869253fa8a3429edb9c6eaa834.png
[pool-4-thread-1] WARN net.thucydides.core.images.ResizableImage - Could not find the dimensions of the screenshot for target\site\serenity\3e873b1b7b242aeb07f5e2d21a37fd147929f9869253fa8a3429edb9c6eaa834.png
[pool-4-thread-1] WARN net.thucydides.core.images.ResizableImage - Could not find the dimensions of the screenshot for target\site\serenity\3e873b1b7b242aeb07f5e2d21a37fd147929f9869253fa8a3429edb9c6eaa834.png
[pool-4-thread-1] WARN net.thucydides.core.images.ResizableImage - Could not find the dimensions of the screenshot for target\site\serenity\3e873b1b7b242aeb07f5e2d21a37fd147929f9869253fa8a3429edb9c6eaa834.png
[pool-4-thread-1] WARN net.thucydides.core.images.ResizableImage - Could not find the dimensions of the screenshot for target\site\serenity\3e873b1b7b242aeb07f5e2d21a37fd147929f9869253fa8a3429edb9c6eaa834.png
[pool-4-thread-1] WARN net.thucydides.core.images.ResizableImage - Could not find the dimensions of the screenshot for target\site\serenity\3e873b1b7b242aeb07f5e2d21a37fd147929f9869253fa8a3429edb9c6eaa834.png
[pool-4-thread-1] WARN net.thucydides.core.images.ResizableImage - Could not find the dimensions of the screenshot for target\site\serenity\3e873b1b7b242aeb07f5e2d21a37fd147929f9869253fa8a3429edb9c6eaa834.png
[pool-4-thread-1] WARN net.thucydides.core.images.ResizableImage - Could not find the dimensions of the screenshot for target\site\serenity\3e873b1b7b242aeb07f5e2d21a37fd147929f9869253fa8a3429edb9c6eaa834.png
[pool-4-thread-1] WARN net.thucydides.core.images.ResizableImage - Could not find the dimensions of the screenshot for target\site\serenity\3e873b1b7b242aeb07f5e2d21a37fd147929f9869253fa8a3429edb9c6eaa834.png
[pool-4-thread-1] WARN net.thucydides.core.images.ResizableImage - Could not find the dimensions of the screenshot for target\site\serenity\3e873b1b7b242aeb07f5e2d21a37fd147929f9869253fa8a3429edb9c6eaa834.png
[pool-4-thread-1] WARN net.thucydides.core.images.ResizableImage - Could not find the dimensions of the screenshot for target\site\serenity\3e873b1b7b242aeb07f5e2d21a37fd147929f9869253fa8a3429edb9c6eaa834.png
[pool-4-thread-1] WARN net.thucydides.core.images.ResizableImage - Could not find the dimensions of the screenshot for target\site\serenity\3e873b1b7b242aeb07f5e2d21a37fd147929f9869253fa8a3429edb9c6eaa834.png
[pool-4-thread-1] WARN net.thucydides.core.images.ResizableImage - Could not find the dimensions of the screenshot for target\site\serenity\3e873b1b7b242aeb07f5e2d21a37fd147929f9869253fa8a3429edb9c6eaa834.png
[pool-4-thread-1] WARN net.thucydides.core.images.ResizableImage - Could not find the dimensions of the screenshot for target\site\serenity\3e873b1b7b242aeb07f5e2d21a37fd147929f9869253fa8a3429edb9c6eaa834.png
[pool-4-thread-1] WARN net.thucydides.core.images.ResizableImage - Could not find the dimensions of the screenshot for target\site\serenity\3e873b1b7b242aeb07f5e2d21a37fd147929f9869253fa8a3429edb9c6eaa834.png
[pool-4-thread-1] WARN net.thucydides.core.images.ResizableImage - Could not find the dimensions of the screenshot for target\site\serenity\3e873b1b7b242aeb07f5e2d21a37fd147929f9869253fa8a3429edb9c6eaa834.png
[pool-4-thread-1] WARN net.thucydides.core.images.ResizableImage - Could not find the dimensions of the screenshot for target\site\serenity\3e873b1b7b242aeb07f5e2d21a37fd147929f9869253fa8a3429edb9c6eaa834.png
[pool-4-thread-1] WARN net.thucydides.core.images.ResizableImage - Could not find the dimensions of the screenshot for target\site\serenity\3e873b1b7b242aeb07f5e2d21a37fd147929f9869253fa8a3429edb9c6eaa834.png
[pool-4-thread-1] WARN net.thucydides.core.images.ResizableImage - Could not find the dimensions of the screenshot for target\site\serenity\3e873b1b7b242aeb07f5e2d21a37fd147929f9869253fa8a3429edb9c6eaa834.png
[pool-4-thread-1] WARN net.thucydides.core.images.ResizableImage - Could not find the dimensions of the screenshot for target\site\serenity\3e873b1b7b242aeb07f5e2d21a37fd147929f9869253fa8a3429edb9c6eaa834.png
[pool-4-thread-1] WARN net.thucydides.core.images.ResizableImage - Could not find the dimensions of the screenshot for target\site\serenity\3e873b1b7b242aeb07f5e2d21a37fd147929f9869253fa8a3429edb9c6eaa834.png
[pool-4-thread-1] WARN net.thucydides.core.images.ResizableImage - Could not find the dimensions of the screenshot for target\site\serenity\3e873b1b7b242aeb07f5e2d21a37fd147929f9869253fa8a3429edb9c6eaa834.png
[pool-4-thread-1] WARN net.thucydides.core.images.ResizableImage - Could not find the dimensions of the screenshot for target\site\serenity\3e873b1b7b242aeb07f5e2d21a37fd147929f9869253fa8a3429edb9c6eaa834.png
[pool-4-thread-1] WARN net.thucydides.core.images.ResizableImage - Could not find the dimensions of the screenshot for target\site\serenity\3e873b1b7b242aeb07f5e2d21a37fd147929f9869253fa8a3429edb9c6eaa834.png
[pool-4-thread-1] WARN net.thucydides.core.images.ResizableImage - Could not find the dimensions of the screenshot for target\site\serenity\3e873b1b7b242aeb07f5e2d21a37fd147929f9869253fa8a3429edb9c6eaa834.png
[pool-4-thread-1] WARN net.thucydides.core.images.ResizableImage - Could not find the dimensions of the screenshot for target\site\serenity\3e873b1b7b242aeb07f5e2d21a37fd147929f9869253fa8a3429edb9c6eaa834.png
[pool-4-thread-1] WARN net.thucydides.core.images.ResizableImage - Could not find the dimensions of the screenshot for target\site\serenity\3e873b1b7b242aeb07f5e2d21a37fd147929f9869253fa8a3429edb9c6eaa834.png
[pool-4-thread-1] WARN net.thucydides.core.images.ResizableImage - Could not find the dimensions of the screenshot for target\site\serenity\3e873b1b7b242aeb07f5e2d21a37fd147929f9869253fa8a3429edb9c6eaa834.png
[pool-4-thread-1] WARN net.thucydides.core.images.ResizableImage - Could not find the dimensions of the screenshot for target\site\serenity\3e873b1b7b242aeb07f5e2d21a37fd147929f9869253fa8a3429edb9c6eaa834.png
[pool-4-thread-1] WARN net.thucydides.core.images.ResizableImage - Could not find the dimensions of the screenshot for target\site\serenity\3e873b1b7b242aeb07f5e2d21a37fd147929f9869253fa8a3429edb9c6eaa834.png
[pool-4-thread-1] WARN net.thucydides.core.images.ResizableImage - Could not find the dimensions of the screenshot for target\site\serenity\3e873b1b7b242aeb07f5e2d21a37fd147929f9869253fa8a3429edb9c6eaa834.png
[pool-4-thread-1] WARN net.thucydides.core.images.ResizableImage - Could not find the dimensions of the screenshot for target\site\serenity\3e873b1b7b242aeb07f5e2d21a37fd147929f9869253fa8a3429edb9c6eaa834.png
[pool-4-thread-1] WARN net.thucydides.core.images.ResizableImage - Could not find the dimensions of the screenshot for target\site\serenity\3e873b1b7b242aeb07f5e2d21a37fd147929f9869253fa8a3429edb9c6eaa834.png
[pool-4-thread-1] WARN net.thucydides.core.images.ResizableImage - Could not find the dimensions of the screenshot for target\site\serenity\3e873b1b7b242aeb07f5e2d21a37fd147929f9869253fa8a3429edb9c6eaa834.png
[pool-4-thread-1] WARN net.thucydides.core.images.ResizableImage - Could not find the dimensions of the screenshot for target\site\serenity\3e873b1b7b242aeb07f5e2d21a37fd147929f9869253fa8a3429edb9c6eaa834.png
[pool-4-thread-1] WARN net.thucydides.core.images.ResizableImage - Could not find the dimensions of the screenshot for target\site\serenity\3e873b1b7b242aeb07f5e2d21a37fd147929f9869253fa8a3429edb9c6eaa834.png
[pool-4-thread-1] WARN net.thucydides.core.images.ResizableImage - Could not find the dimensions of the screenshot for target\site\serenity\3e873b1b7b242aeb07f5e2d21a37fd147929f9869253fa8a3429edb9c6eaa834.png
[pool-4-thread-1] WARN net.thucydides.core.images.ResizableImage - Could not find the dimensions of the screenshot for target\site\serenity\3e873b1b7b242aeb07f5e2d21a37fd147929f9869253fa8a3429edb9c6eaa834.png
[pool-4-thread-1] WARN net.thucydides.core.images.ResizableImage - Could not find the dimensions of the screenshot for target\site\serenity\3e873b1b7b242aeb07f5e2d21a37fd147929f9869253fa8a3429edb9c6eaa834.png
[pool-4-thread-1] WARN net.thucydides.core.images.ResizableImage - Could not find the dimensions of the screenshot for target\site\serenity\3e873b1b7b242aeb07f5e2d21a37fd147929f9869253fa8a3429edb9c6eaa834.png
[pool-4-thread-1] WARN net.thucydides.core.images.ResizableImage - Could not find the dimensions of the screenshot for target\site\serenity\3e873b1b7b242aeb07f5e2d21a37fd147929f9869253fa8a3429edb9c6eaa834.png
[pool-4-thread-1] WARN net.thucydides.core.images.ResizableImage - Could not find the dimensions of the screenshot for target\site\serenity\3e873b1b7b242aeb07f5e2d21a37fd147929f9869253fa8a3429edb9c6eaa834.png
[pool-4-thread-1] WARN net.thucydides.core.images.ResizableImage - Could not find the dimensions of the screenshot for target\site\serenity\3e873b1b7b242aeb07f5e2d21a37fd147929f9869253fa8a3429edb9c6eaa834.png
[pool-4-thread-1] WARN net.thucydides.core.images.ResizableImage - Could not find the dimensions of the screenshot for target\site\serenity\3e873b1b7b242aeb07f5e2d21a37fd147929f9869253fa8a3429edb9c6eaa834.png
[pool-4-thread-1] WARN net.thucydides.core.images.ResizableImage - Could not find the dimensions of the screenshot for target\site\serenity\3e873b1b7b242aeb07f5e2d21a37fd147929f9869253fa8a3429edb9c6eaa834.png
[pool-4-thread-1] WARN net.thucydides.core.images.ResizableImage - Could not find the dimensions of the screenshot for target\site\serenity\3e873b1b7b242aeb07f5e2d21a37fd147929f9869253fa8a3429edb9c6eaa834.png
[pool-4-thread-1] WARN net.thucydides.core.images.ResizableImage - Could not find the dimensions of the screenshot for target\site\serenity\3e873b1b7b242aeb07f5e2d21a37fd147929f9869253fa8a3429edb9c6eaa834.png
[pool-4-thread-1] WARN net.thucydides.core.images.ResizableImage - Could not find the dimensions of the screenshot for target\site\serenity\3e873b1b7b242aeb07f5e2d21a37fd147929f9869253fa8a3429edb9c6eaa834.png
[pool-4-thread-1] WARN net.thucydides.core.images.ResizableImage - Could not find the dimensions of the screenshot for target\site\serenity\3e873b1b7b242aeb07f5e2d21a37fd147929f9869253fa8a3429edb9c6eaa834.png
[pool-4-thread-1] WARN net.thucydides.core.images.ResizableImage - Could not find the dimensions of the screenshot for target\site\serenity\3e873b1b7b242aeb07f5e2d21a37fd147929f9869253fa8a3429edb9c6eaa834.png
[pool-4-thread-1] WARN net.thucydides.core.images.ResizableImage - Could not find the dimensions of the screenshot for target\site\serenity\3e873b1b7b242aeb07f5e2d21a37fd147929f9869253fa8a3429edb9c6eaa834.png
[pool-4-thread-1] WARN net.thucydides.core.images.ResizableImage - Could not find the dimensions of the screenshot for target\site\serenity\3e873b1b7b242aeb07f5e2d21a37fd147929f9869253fa8a3429edb9c6eaa834.png
[pool-4-thread-1] WARN net.thucydides.core.images.ResizableImage - Could not find the dimensions of the screenshot for target\site\serenity\3e873b1b7b242aeb07f5e2d21a37fd147929f9869253fa8a3429edb9c6eaa834.png
[pool-4-thread-1] WARN net.thucydides.core.images.ResizableImage - Could not find the dimensions of the screenshot for target\site\serenity\3e873b1b7b242aeb07f5e2d21a37fd147929f9869253fa8a3429edb9c6eaa834.png
[pool-4-thread-1] WARN net.thucydides.core.images.ResizableImage - Could not find the dimensions of the screenshot for target\site\serenity\3e873b1b7b242aeb07f5e2d21a37fd147929f9869253fa8a3429edb9c6eaa834.png
[pool-4-thread-1] WARN net.thucydides.core.images.ResizableImage - Could not find the dimensions of the screenshot for target\site\serenity\3e873b1b7b242aeb07f5e2d21a37fd147929f9869253fa8a3429edb9c6eaa834.png
[pool-4-thread-1] WARN net.thucydides.core.images.ResizableImage - Could not find the dimensions of the screenshot for target\site\serenity\3e873b1b7b242aeb07f5e2d21a37fd147929f9869253fa8a3429edb9c6eaa834.png
[pool-4-thread-1] WARN net.thucydides.core.images.ResizableImage - Could not find the dimensions of the screenshot for target\site\serenity\3e873b1b7b242aeb07f5e2d21a37fd147929f9869253fa8a3429edb9c6eaa834.png
[pool-4-thread-1] WARN net.thucydides.core.images.ResizableImage - Could not find the dimensions of the screenshot for target\site\serenity\3e873b1b7b242aeb07f5e2d21a37fd147929f9869253fa8a3429edb9c6eaa834.png
[pool-4-thread-1] WARN net.thucydides.core.images.ResizableImage - Could not find the dimensions of the screenshot for target\site\serenity\3e873b1b7b242aeb07f5e2d21a37fd147929f9869253fa8a3429edb9c6eaa834.png
[pool-4-thread-1] WARN net.thucydides.core.images.ResizableImage - Could not find the dimensions of the screenshot for target\site\serenity\3e873b1b7b242aeb07f5e2d21a37fd147929f9869253fa8a3429edb9c6eaa834.png
[pool-4-thread-1] WARN net.thucydides.core.images.ResizableImage - Could not find the dimensions of the screenshot for target\site\serenity\3e873b1b7b242aeb07f5e2d21a37fd147929f9869253fa8a3429edb9c6eaa834.png
[pool-4-thread-1] WARN net.thucydides.core.images.ResizableImage - Could not find the dimensions of the screenshot for target\site\serenity\3e873b1b7b242aeb07f5e2d21a37fd147929f9869253fa8a3429edb9c6eaa834.png
[pool-4-thread-1] WARN net.thucydides.core.images.ResizableImage - Could not find the dimensions of the screenshot for target\site\serenity\3e873b1b7b242aeb07f5e2d21a37fd147929f9869253fa8a3429edb9c6eaa834.png
[pool-4-thread-1] WARN net.thucydides.core.images.ResizableImage - Could not find the dimensions of the screenshot for target\site\serenity\3e873b1b7b242aeb07f5e2d21a37fd147929f9869253fa8a3429edb9c6eaa834.png
[pool-4-thread-1] WARN net.thucydides.core.images.ResizableImage - Could not find the dimensions of the screenshot for target\site\serenity\3e873b1b7b242aeb07f5e2d21a37fd147929f9869253fa8a3429edb9c6eaa834.png
[pool-4-thread-1] WARN net.thucydides.core.images.ResizableImage - Could not find the dimensions of the screenshot for target\site\serenity\3e873b1b7b242aeb07f5e2d21a37fd147929f9869253fa8a3429edb9c6eaa834.png
[pool-4-thread-1] WARN net.thucydides.core.images.ResizableImage - Could not find the dimensions of the screenshot for target\site\serenity\3e873b1b7b242aeb07f5e2d21a37fd147929f9869253fa8a3429edb9c6eaa834.png
[pool-4-thread-1] WARN net.thucydides.core.images.ResizableImage - Could not find the dimensions of the screenshot for target\site\serenity\3e873b1b7b242aeb07f5e2d21a37fd147929f9869253fa8a3429edb9c6eaa834.png
[pool-4-thread-1] WARN net.thucydides.core.images.ResizableImage - Could not find the dimensions of the screenshot for target\site\serenity\3e873b1b7b242aeb07f5e2d21a37fd147929f9869253fa8a3429edb9c6eaa834.png
[pool-4-thread-1] WARN net.thucydides.core.images.ResizableImage - Could not find the dimensions of the screenshot for target\site\serenity\3e873b1b7b242aeb07f5e2d21a37fd147929f9869253fa8a3429edb9c6eaa834.png
[pool-4-thread-1] WARN net.thucydides.core.images.ResizableImage - Could not find the dimensions of the screenshot for target\site\serenity\3e873b1b7b242aeb07f5e2d21a37fd147929f9869253fa8a3429edb9c6eaa834.png
[pool-4-thread-1] WARN net.thucydides.core.images.ResizableImage - Could not find the dimensions of the screenshot for target\site\serenity\3e873b1b7b242aeb07f5e2d21a37fd147929f9869253fa8a3429edb9c6eaa834.png
[pool-4-thread-1] WARN net.thucydides.core.images.ResizableImage - Could not find the dimensions of the screenshot for target\site\serenity\3e873b1b7b242aeb07f5e2d21a37fd147929f9869253fa8a3429edb9c6eaa834.png
[pool-4-thread-1] WARN net.thucydides.core.images.ResizableImage - Could not find the dimensions of the screenshot for target\site\serenity\3e873b1b7b242aeb07f5e2d21a37fd147929f9869253fa8a3429edb9c6eaa834.png
[pool-4-thread-1] WARN net.thucydides.core.images.ResizableImage - Could not find the dimensions of the screenshot for target\site\serenity\3e873b1b7b242aeb07f5e2d21a37fd147929f9869253fa8a3429edb9c6eaa834.png
[pool-4-thread-1] WARN net.thucydides.core.images.ResizableImage - Could not find the dimensions of the screenshot for target\site\serenity\3e873b1b7b242aeb07f5e2d21a37fd147929f9869253fa8a3429edb9c6eaa834.png
[pool-4-thread-1] WARN net.thucydides.core.images.ResizableImage - Could not find the dimensions of the screenshot for target\site\serenity\3e873b1b7b242aeb07f5e2d21a37fd147929f9869253fa8a3429edb9c6eaa834.png
[pool-4-thread-1] WARN net.thucydides.core.images.ResizableImage - Could not find the dimensions of the screenshot for target\site\serenity\3e873b1b7b242aeb07f5e2d21a37fd147929f9869253fa8a3429edb9c6eaa834.png
[pool-4-thread-1] WARN net.thucydides.core.images.ResizableImage - Could not find the dimensions of the screenshot for target\site\serenity\3e873b1b7b242aeb07f5e2d21a37fd147929f9869253fa8a3429edb9c6eaa834.png
[pool-4-thread-1] WARN net.thucydides.core.images.ResizableImage - Could not find the dimensions of the screenshot for target\site\serenity\3e873b1b7b242aeb07f5e2d21a37fd147929f9869253fa8a3429edb9c6eaa834.png
[pool-4-thread-1] WARN net.thucydides.core.images.ResizableImage - Could not find the dimensions of the screenshot for target\site\serenity\3e873b1b7b242aeb07f5e2d21a37fd147929f9869253fa8a3429edb9c6eaa834.png
[pool-4-thread-1] WARN net.thucydides.core.images.ResizableImage - Could not find the dimensions of the screenshot for target\site\serenity\3e873b1b7b242aeb07f5e2d21a37fd147929f9869253fa8a3429edb9c6eaa834.png
[pool-4-thread-1] WARN net.thucydides.core.images.ResizableImage - Could not find the dimensions of the screenshot for target\site\serenity\3e873b1b7b242aeb07f5e2d21a37fd147929f9869253fa8a3429edb9c6eaa834.png
[pool-4-thread-1] WARN net.thucydides.core.images.ResizableImage - Could not find the dimensions of the screenshot for target\site\serenity\3e873b1b7b242aeb07f5e2d21a37fd147929f9869253fa8a3429edb9c6eaa834.png
[pool-4-thread-1] WARN net.thucydides.core.images.ResizableImage - Could not find the dimensions of the screenshot for target\site\serenity\3e873b1b7b242aeb07f5e2d21a37fd147929f9869253fa8a3429edb9c6eaa834.png
[pool-4-thread-1] WARN net.thucydides.core.images.ResizableImage - Could not find the dimensions of the screenshot for target\site\serenity\3e873b1b7b242aeb07f5e2d21a37fd147929f9869253fa8a3429edb9c6eaa834.png
[pool-4-thread-1] WARN net.thucydides.core.images.ResizableImage - Could not find the dimensions of the screenshot for target\site\serenity\3e873b1b7b242aeb07f5e2d21a37fd147929f9869253fa8a3429edb9c6eaa834.png
[pool-4-thread-1] WARN net.thucydides.core.images.ResizableImage - Could not find the dimensions of the screenshot for target\site\serenity\3e873b1b7b242aeb07f5e2d21a37fd147929f9869253fa8a3429edb9c6eaa834.png
[pool-4-thread-1] WARN net.thucydides.core.images.ResizableImage - Could not find the dimensions of the screenshot for target\site\serenity\3e873b1b7b242aeb07f5e2d21a37fd147929f9869253fa8a3429edb9c6eaa834.png
[pool-4-thread-1] WARN net.thucydides.core.images.ResizableImage - Could not find the dimensions of the screenshot for target\site\serenity\3e873b1b7b242aeb07f5e2d21a37fd147929f9869253fa8a3429edb9c6eaa834.png
[pool-4-thread-1] WARN net.thucydides.core.images.ResizableImage - Could not find the dimensions of the screenshot for target\site\serenity\3e873b1b7b242aeb07f5e2d21a37fd147929f9869253fa8a3429edb9c6eaa834.png
[pool-4-thread-1] WARN net.thucydides.core.images.ResizableImage - Could not find the dimensions of the screenshot for target\site\serenity\3e873b1b7b242aeb07f5e2d21a37fd147929f9869253fa8a3429edb9c6eaa834.png
[pool-4-thread-1] WARN net.thucydides.core.images.ResizableImage - Could not find the dimensions of the screenshot for target\site\serenity\3e873b1b7b242aeb07f5e2d21a37fd147929f9869253fa8a3429edb9c6eaa834.png
[pool-4-thread-1] WARN net.thucydides.core.images.ResizableImage - Could not find the dimensions of the screenshot for target\site\serenity\3e873b1b7b242aeb07f5e2d21a37fd147929f9869253fa8a3429edb9c6eaa834.png
[pool-4-thread-1] WARN net.thucydides.core.images.ResizableImage - Could not find the dimensions of the screenshot for target\site\serenity\3e873b1b7b242aeb07f5e2d21a37fd147929f9869253fa8a3429edb9c6eaa834.png
[pool-4-thread-1] WARN net.thucydides.core.images.ResizableImage - Could not find the dimensions of the screenshot for target\site\serenity\3e873b1b7b242aeb07f5e2d21a37fd147929f9869253fa8a3429edb9c6eaa834.png
[pool-4-thread-1] WARN net.thucydides.core.images.ResizableImage - Could not find the dimensions of the screenshot for target\site\serenity\3e873b1b7b242aeb07f5e2d21a37fd147929f9869253fa8a3429edb9c6eaa834.png
[pool-4-thread-1] WARN net.thucydides.core.images.ResizableImage - Could not find the dimensions of the screenshot for target\site\serenity\3e873b1b7b242aeb07f5e2d21a37fd147929f9869253fa8a3429edb9c6eaa834.png
[pool-4-thread-1] WARN net.thucydides.core.images.ResizableImage - Could not find the dimensions of the screenshot for target\site\serenity\3e873b1b7b242aeb07f5e2d21a37fd147929f9869253fa8a3429edb9c6eaa834.png
[pool-4-thread-1] WARN net.thucydides.core.images.ResizableImage - Could not find the dimensions of the screenshot for target\site\serenity\3e873b1b7b242aeb07f5e2d21a37fd147929f9869253fa8a3429edb9c6eaa834.png
[pool-4-thread-1] WARN net.thucydides.core.images.ResizableImage - Could not find the dimensions of the screenshot for target\site\serenity\3e873b1b7b242aeb07f5e2d21a37fd147929f9869253fa8a3429edb9c6eaa834.png
[pool-4-thread-1] WARN net.thucydides.core.images.ResizableImage - Could not find the dimensions of the screenshot for target\site\serenity\3e873b1b7b242aeb07f5e2d21a37fd147929f9869253fa8a3429edb9c6eaa834.png
[pool-4-thread-1] WARN net.thucydides.core.images.ResizableImage - Could not find the dimensions of the screenshot for target\site\serenity\3e873b1b7b242aeb07f5e2d21a37fd147929f9869253fa8a3429edb9c6eaa834.png
[pool-4-thread-1] WARN net.thucydides.core.images.ResizableImage - Could not find the dimensions of the screenshot for target\site\serenity\3e873b1b7b242aeb07f5e2d21a37fd147929f9869253fa8a3429edb9c6eaa834.png
[pool-4-thread-1] WARN net.thucydides.core.images.ResizableImage - Could not find the dimensions of the screenshot for target\site\serenity\3e873b1b7b242aeb07f5e2d21a37fd147929f9869253fa8a3429edb9c6eaa834.png
[pool-4-thread-1] WARN net.thucydides.core.images.ResizableImage - Could not find the dimensions of the screenshot for target\site\serenity\3e873b1b7b242aeb07f5e2d21a37fd147929f9869253fa8a3429edb9c6eaa834.png
[pool-4-thread-1] WARN net.thucydides.core.images.ResizableImage - Could not find the dimensions of the screenshot for target\site\serenity\3e873b1b7b242aeb07f5e2d21a37fd147929f9869253fa8a3429edb9c6eaa834.png
[pool-4-thread-1] WARN net.thucydides.core.images.ResizableImage - Could not find the dimensions of the screenshot for target\site\serenity\3e873b1b7b242aeb07f5e2d21a37fd147929f9869253fa8a3429edb9c6eaa834.png
[pool-4-thread-1] WARN net.thucydides.core.images.ResizableImage - Could not find the dimensions of the screenshot for target\site\serenity\3e873b1b7b242aeb07f5e2d21a37fd147929f9869253fa8a3429edb9c6eaa834.png
[pool-4-thread-1] WARN net.thucydides.core.images.ResizableImage - Could not find the dimensions of the screenshot for target\site\serenity\3e873b1b7b242aeb07f5e2d21a37fd147929f9869253fa8a3429edb9c6eaa834.png
[pool-4-thread-1] WARN net.thucydides.core.images.ResizableImage - Could not find the dimensions of the screenshot for target\site\serenity\3e873b1b7b242aeb07f5e2d21a37fd147929f9869253fa8a3429edb9c6eaa834.png
[pool-4-thread-1] WARN net.thucydides.core.images.ResizableImage - Could not find the dimensions of the screenshot for target\site\serenity\3e873b1b7b242aeb07f5e2d21a37fd147929f9869253fa8a3429edb9c6eaa834.png
[pool-4-thread-1] WARN net.thucydides.core.images.ResizableImage - Could not find the dimensions of the screenshot for target\site\serenity\3e873b1b7b242aeb07f5e2d21a37fd147929f9869253fa8a3429edb9c6eaa834.png
[pool-4-thread-1] WARN net.thucydides.core.images.ResizableImage - Could not find the dimensions of the screenshot for target\site\serenity\3e873b1b7b242aeb07f5e2d21a37fd147929f9869253fa8a3429edb9c6eaa834.png
[pool-4-thread-1] WARN net.thucydides.core.images.ResizableImage - Could not find the dimensions of the screenshot for target\site\serenity\3e873b1b7b242aeb07f5e2d21a37fd147929f9869253fa8a3429edb9c6eaa834.png
[pool-4-thread-1] WARN net.thucydides.core.images.ResizableImage - Could not find the dimensions of the screenshot for target\site\serenity\3e873b1b7b242aeb07f5e2d21a37fd147929f9869253fa8a3429edb9c6eaa834.png
[pool-4-thread-1] WARN net.thucydides.core.images.ResizableImage - Could not find the dimensions of the screenshot for target\site\serenity\3e873b1b7b242aeb07f5e2d21a37fd147929f9869253fa8a3429edb9c6eaa834.png
[pool-4-thread-1] WARN net.thucydides.core.images.ResizableImage - Could not find the dimensions of the screenshot for target\site\serenity\3e873b1b7b242aeb07f5e2d21a37fd147929f9869253fa8a3429edb9c6eaa834.png
[pool-4-thread-1] WARN net.thucydides.core.images.ResizableImage - Could not find the dimensions of the screenshot for target\site\serenity\3e873b1b7b242aeb07f5e2d21a37fd147929f9869253fa8a3429edb9c6eaa834.png
[pool-4-thread-1] WARN net.thucydides.core.images.ResizableImage - Could not find the dimensions of the screenshot for target\site\serenity\3e873b1b7b242aeb07f5e2d21a37fd147929f9869253fa8a3429edb9c6eaa834.png
[pool-4-thread-1] WARN net.thucydides.core.images.ResizableImage - Could not find the dimensions of the screenshot for target\site\serenity\3e873b1b7b242aeb07f5e2d21a37fd147929f9869253fa8a3429edb9c6eaa834.png
[pool-4-thread-1] WARN net.thucydides.core.images.ResizableImage - Could not find the dimensions of the screenshot for target\site\serenity\3e873b1b7b242aeb07f5e2d21a37fd147929f9869253fa8a3429edb9c6eaa834.png
[pool-4-thread-1] WARN net.thucydides.core.images.ResizableImage - Could not find the dimensions of the screenshot for target\site\serenity\3e873b1b7b242aeb07f5e2d21a37fd147929f9869253fa8a3429edb9c6eaa834.png
[pool-4-thread-1] WARN net.thucydides.core.images.ResizableImage - Could not find the dimensions of the screenshot for target\site\serenity\3e873b1b7b242aeb07f5e2d21a37fd147929f9869253fa8a3429edb9c6eaa834.png
[pool-4-thread-1] WARN net.thucydides.core.images.ResizableImage - Could not find the dimensions of the screenshot for target\site\serenity\3e873b1b7b242aeb07f5e2d21a37fd147929f9869253fa8a3429edb9c6eaa834.png
[pool-4-thread-1] WARN net.thucydides.core.images.ResizableImage - Could not find the dimensions of the screenshot for target\site\serenity\3e873b1b7b242aeb07f5e2d21a37fd147929f9869253fa8a3429edb9c6eaa834.png
[pool-4-thread-1] WARN net.thucydides.core.images.ResizableImage - Could not find the dimensions of the screenshot for target\site\serenity\3e873b1b7b242aeb07f5e2d21a37fd147929f9869253fa8a3429edb9c6eaa834.png
[pool-4-thread-1] WARN net.thucydides.core.images.ResizableImage - Could not find the dimensions of the screenshot for target\site\serenity\3e873b1b7b242aeb07f5e2d21a37fd147929f9869253fa8a3429edb9c6eaa834.png
[pool-4-thread-1] WARN net.thucydides.core.images.ResizableImage - Could not find the dimensions of the screenshot for target\site\serenity\3e873b1b7b242aeb07f5e2d21a37fd147929f9869253fa8a3429edb9c6eaa834.png
[pool-4-thread-1] WARN net.thucydides.core.images.ResizableImage - Could not find the dimensions of the screenshot for target\site\serenity\3e873b1b7b242aeb07f5e2d21a37fd147929f9869253fa8a3429edb9c6eaa834.png
[pool-4-thread-1] WARN net.thucydides.core.images.ResizableImage - Could not find the dimensions of the screenshot for target\site\serenity\3e873b1b7b242aeb07f5e2d21a37fd147929f9869253fa8a3429edb9c6eaa834.png
[pool-4-thread-1] WARN net.thucydides.core.images.ResizableImage - Could not find the dimensions of the screenshot for target\site\serenity\3e873b1b7b242aeb07f5e2d21a37fd147929f9869253fa8a3429edb9c6eaa834.png
[pool-4-thread-1] WARN net.thucydides.core.images.ResizableImage - Could not find the dimensions of the screenshot for target\site\serenity\3e873b1b7b242aeb07f5e2d21a37fd147929f9869253fa8a3429edb9c6eaa834.png
[pool-4-thread-1] WARN net.thucydides.core.images.ResizableImage - Could not find the dimensions of the screenshot for target\site\serenity\3e873b1b7b242aeb07f5e2d21a37fd147929f9869253fa8a3429edb9c6eaa834.png
[pool-4-thread-1] WARN net.thucydides.core.images.ResizableImage - Could not find the dimensions of the screenshot for target\site\serenity\3e873b1b7b242aeb07f5e2d21a37fd147929f9869253fa8a3429edb9c6eaa834.png
[pool-4-thread-1] WARN net.thucydides.core.images.ResizableImage - Could not find the dimensions of the screenshot for target\site\serenity\3e873b1b7b242aeb07f5e2d21a37fd147929f9869253fa8a3429edb9c6eaa834.png
[pool-4-thread-1] WARN net.thucydides.core.images.ResizableImage - Could not find the dimensions of the screenshot for target\site\serenity\3e873b1b7b242aeb07f5e2d21a37fd147929f9869253fa8a3429edb9c6eaa834.png
[pool-4-thread-1] WARN net.thucydides.core.images.ResizableImage - Could not find the dimensions of the screenshot for target\site\serenity\3e873b1b7b242aeb07f5e2d21a37fd147929f9869253fa8a3429edb9c6eaa834.png
[pool-4-thread-1] WARN net.thucydides.core.images.ResizableImage - Could not find the dimensions of the screenshot for target\site\serenity\3e873b1b7b242aeb07f5e2d21a37fd147929f9869253fa8a3429edb9c6eaa834.png
[pool-4-thread-1] WARN net.thucydides.core.images.ResizableImage - Could not find the dimensions of the screenshot for target\site\serenity\3e873b1b7b242aeb07f5e2d21a37fd147929f9869253fa8a3429edb9c6eaa834.png
[pool-4-thread-1] WARN net.thucydides.core.images.ResizableImage - Could not find the dimensions of the screenshot for target\site\serenity\3e873b1b7b242aeb07f5e2d21a37fd147929f9869253fa8a3429edb9c6eaa834.png
[pool-4-thread-1] WARN net.thucydides.core.images.ResizableImage - Could not find the dimensions of the screenshot for target\site\serenity\3e873b1b7b242aeb07f5e2d21a37fd147929f9869253fa8a3429edb9c6eaa834.png
[pool-4-thread-1] WARN net.thucydides.core.images.ResizableImage - Could not find the dimensions of the screenshot for target\site\serenity\3e873b1b7b242aeb07f5e2d21a37fd147929f9869253fa8a3429edb9c6eaa834.png
[pool-4-thread-1] WARN net.thucydides.core.images.ResizableImage - Could not find the dimensions of the screenshot for target\site\serenity\3e873b1b7b242aeb07f5e2d21a37fd147929f9869253fa8a3429edb9c6eaa834.png
[pool-4-thread-1] WARN net.thucydides.core.images.ResizableImage - Could not find the dimensions of the screenshot for target\site\serenity\3e873b1b7b242aeb07f5e2d21a37fd147929f9869253fa8a3429edb9c6eaa834.png
[pool-4-thread-1] WARN net.thucydides.core.images.ResizableImage - Could not find the dimensions of the screenshot for target\site\serenity\3e873b1b7b242aeb07f5e2d21a37fd147929f9869253fa8a3429edb9c6eaa834.png
[pool-4-thread-1] WARN net.thucydides.core.images.ResizableImage - Could not find the dimensions of the screenshot for target\site\serenity\3e873b1b7b242aeb07f5e2d21a37fd147929f9869253fa8a3429edb9c6eaa834.png
[pool-4-thread-1] WARN net.thucydides.core.images.ResizableImage - Could not find the dimensions of the screenshot for target\site\serenity\3e873b1b7b242aeb07f5e2d21a37fd147929f9869253fa8a3429edb9c6eaa834.png
[pool-4-thread-1] WARN net.thucydides.core.images.ResizableImage - Could not find the dimensions of the screenshot for target\site\serenity\3e873b1b7b242aeb07f5e2d21a37fd147929f9869253fa8a3429edb9c6eaa834.png
[pool-4-thread-1] WARN net.thucydides.core.images.ResizableImage - Could not find the dimensions of the screenshot for target\site\serenity\3e873b1b7b242aeb07f5e2d21a37fd147929f9869253fa8a3429edb9c6eaa834.png
[pool-4-thread-1] WARN net.thucydides.core.images.ResizableImage - Could not find the dimensions of the screenshot for target\site\serenity\3e873b1b7b242aeb07f5e2d21a37fd147929f9869253fa8a3429edb9c6eaa834.png
[pool-4-thread-1] WARN net.thucydides.core.images.ResizableImage - Could not find the dimensions of the screenshot for target\site\serenity\3e873b1b7b242aeb07f5e2d21a37fd147929f9869253fa8a3429edb9c6eaa834.png
[pool-4-thread-1] WARN net.thucydides.core.images.ResizableImage - Could not find the dimensions of the screenshot for target\site\serenity\3e873b1b7b242aeb07f5e2d21a37fd147929f9869253fa8a3429edb9c6eaa834.png
]]></system-err>
</testsuite>
